2024-11-20T19:52:49.421-03:00  INFO 10772 --- [ms-classes] [main] b.c.r.c.CrudUsersAndAuthApplicationTests : Starting CrudUsersAndAuthApplicationTests using Java 17.0.12 with PID 10772 (started by acer in C:\Users\acer\Desktop\Projetos\atividadeextensionista\microservices\ms-classes)
2024-11-20T19:52:49.427-03:00  INFO 10772 --- [ms-classes] [main] b.c.r.c.CrudUsersAndAuthApplicationTests : The following 1 profile is active: "DEV"
2024-11-20T19:52:52.270-03:00  INFO 10772 --- [ms-classes] [main] .s.d.r.c.RepositoryConfigurationDelegate : Bootstrapping Spring Data MongoDB repositories in DEFAULT mode.
2024-11-20T19:52:52.376-03:00  INFO 10772 --- [ms-classes] [main] .s.d.r.c.RepositoryConfigurationDelegate : Finished Spring Data repository scanning in 89 ms. Found 1 MongoDB repository interface.
2024-11-20T19:52:58.964-03:00  INFO 10772 --- [ms-classes] [main] org.mongodb.driver.client                : MongoClient with metadata {"driver": {"name": "mongo-java-driver|sync|spring-boot", "version": "5.0.1"}, "os": {"type": "Windows", "name": "Windows 10", "architecture": "amd64", "version": "10.0"}, "platform": "Java/Oracle Corporation/17.0.12+8-LTS-286"} created with settings MongoClientSettings{readPreference=primary, writeConcern=WriteConcern{w=null, wTimeout=null ms, journal=null}, retryWrites=true, retryReads=true, readConcern=ReadConcern{level=null}, credential=null, transportSettings=null, commandListeners=[io.micrometer.core.instrument.binder.mongodb.MongoMetricsCommandListener@360d41d0], codecRegistry=ProvidersCodecRegistry{codecProviders=[ValueCodecProvider{}, BsonValueCodecProvider{}, DBRefCodecProvider{}, DBObjectCodecProvider{}, DocumentCodecProvider{}, CollectionCodecProvider{}, IterableCodecProvider{}, MapCodecProvider{}, GeoJsonCodecProvider{}, GridFSFileCodecProvider{}, Jsr310CodecProvider{}, JsonObjectCodecProvider{}, BsonCodecProvider{}, EnumCodecProvider{}, com.mongodb.client.model.mql.ExpressionCodecProvider@4586a8aa, com.mongodb.Jep395RecordCodecProvider@3dc82e6a, com.mongodb.KotlinCodecProvider@54463380]}, loggerSettings=LoggerSettings{maxDocumentLength=1000}, clusterSettings={hosts=[mongo:27018], srvServiceName=mongodb, mode=SINGLE, requiredClusterType=UNKNOWN, requiredReplicaSetName='null', serverSelector='null', clusterListeners='[]', serverSelectionTimeout='30000 ms', localThreshold='15 ms'}, socketSettings=SocketSettings{connectTimeoutMS=10000, readTimeoutMS=0, receiveBufferSize=0, proxySettings=ProxySettings{host=null, port=null, username=null, password=null}}, heartbeatSocketSettings=SocketSettings{connectTimeoutMS=10000, readTimeoutMS=10000, receiveBufferSize=0, proxySettings=ProxySettings{host=null, port=null, username=null, password=null}}, connectionPoolSettings=ConnectionPoolSettings{maxSize=100, minSize=0, maxWaitTimeMS=120000, maxConnectionLifeTimeMS=0, maxConnectionIdleTimeMS=0, maintenanceInitialDelayMS=0, maintenanceFrequencyMS=60000, connectionPoolListeners=[io.micrometer.core.instrument.binder.mongodb.MongoMetricsConnectionPoolListener@819fb19], maxConnecting=2}, serverSettings=ServerSettings{heartbeatFrequencyMS=10000, minHeartbeatFrequencyMS=500, serverListeners='[]', serverMonitorListeners='[]'}, sslSettings=SslSettings{enabled=false, invalidHostNameAllowed=false, context=null}, applicationName='null', compressorList=[], uuidRepresentation=JAVA_LEGACY, serverApi=null, autoEncryptionSettings=null, dnsClient=null, inetAddressResolver=null, contextProvider=null}
2024-11-20T19:53:00.768-03:00  WARN 10772 --- [ms-classes] [main] .s.s.UserDetailsServiceAutoConfiguration : 

Using generated security password: 39a075f2-28c4-4760-985a-fba653cd1448

This generated password is for development use only. Your security configuration must be updated before running your application in production.

2024-11-20T19:53:00.876-03:00  INFO 10772 --- [ms-classes] [main] r$InitializeUserDetailsManagerConfigurer : Global AuthenticationManager configured with UserDetailsService bean with name inMemoryUserDetailsManager
2024-11-20T19:53:01.293-03:00  INFO 10772 --- [ms-classes] [cluster-ClusterId{value='673e684ac951750c663899b1', description='null'}-mongo:27018] org.mongodb.driver.cluster               : Exception in monitor thread while connecting to server mongo:27018

com.mongodb.MongoSocketException: No such host is known (mongo)
	at com.mongodb.internal.connection.ServerAddressHelper.getSocketAddresses(ServerAddressHelper.java:75) ~[mongodb-driver-core-5.0.1.jar:na]
	at com.mongodb.internal.connection.SocketStream.initializeSocket(SocketStream.java:101) ~[mongodb-driver-core-5.0.1.jar:na]
	at com.mongodb.internal.connection.SocketStream.open(SocketStream.java:80) ~[mongodb-driver-core-5.0.1.jar:na]
	at com.mongodb.internal.connection.InternalStreamConnection.open(InternalStreamConnection.java:201) ~[mongodb-driver-core-5.0.1.jar:na]
	at com.mongodb.internal.connection.DefaultServerMonitor$ServerMonitorRunnable.lookupServerDescription(DefaultServerMonitor.java:193) ~[mongodb-driver-core-5.0.1.jar:na]
	at com.mongodb.internal.connection.DefaultServerMonitor$ServerMonitorRunnable.run(DefaultServerMonitor.java:153) ~[mongodb-driver-core-5.0.1.jar:na]
	at java.base/java.lang.Thread.run(Thread.java:842) ~[na:na]
Caused by: java.net.UnknownHostException: No such host is known (mongo)
	at java.base/java.net.Inet6AddressImpl.lookupAllHostAddr(Native Method) ~[na:na]
	at java.base/java.net.InetAddress$PlatformNameService.lookupAllHostAddr(InetAddress.java:933) ~[na:na]
	at java.base/java.net.InetAddress.getAddressesFromNameService(InetAddress.java:1543) ~[na:na]
	at java.base/java.net.InetAddress$NameServiceAddresses.get(InetAddress.java:852) ~[na:na]
	at java.base/java.net.InetAddress.getAllByName0(InetAddress.java:1532) ~[na:na]
	at java.base/java.net.InetAddress.getAllByName(InetAddress.java:1384) ~[na:na]
	at java.base/java.net.InetAddress.getAllByName(InetAddress.java:1305) ~[na:na]
	at com.mongodb.internal.connection.DefaultInetAddressResolver.lookupByName(DefaultInetAddressResolver.java:34) ~[mongodb-driver-core-5.0.1.jar:na]
	at com.mongodb.internal.connection.ServerAddressHelper.getSocketAddresses(ServerAddressHelper.java:71) ~[mongodb-driver-core-5.0.1.jar:na]
	... 6 common frames omitted

2024-11-20T19:53:03.598-03:00  INFO 10772 --- [ms-classes] [main] o.s.b.a.e.web.EndpointLinksResolver      : Exposing 15 endpoints beneath base path '/actuator'
2024-11-20T19:53:05.401-03:00  INFO 10772 --- [ms-classes] [main] b.c.r.c.CrudUsersAndAuthApplicationTests : Started CrudUsersAndAuthApplicationTests in 17.245 seconds (process running for 26.576)
2024-11-20T19:57:20.625-03:00  INFO 8276 --- [ms-classes] [main] b.c.r.c.CrudUsersAndAuthApplicationTests : Starting CrudUsersAndAuthApplicationTests using Java 17.0.12 with PID 8276 (started by acer in C:\Users\acer\Desktop\Projetos\atividadeextensionista\microservices\ms-classes)
2024-11-20T19:57:20.630-03:00  INFO 8276 --- [ms-classes] [main] b.c.r.c.CrudUsersAndAuthApplicationTests : The following 1 profile is active: "DEV"
2024-11-20T19:57:23.974-03:00  INFO 8276 --- [ms-classes] [main] .s.d.r.c.RepositoryConfigurationDelegate : Bootstrapping Spring Data MongoDB repositories in DEFAULT mode.
2024-11-20T19:57:24.054-03:00  INFO 8276 --- [ms-classes] [main] .s.d.r.c.RepositoryConfigurationDelegate : Finished Spring Data repository scanning in 69 ms. Found 1 MongoDB repository interface.
2024-11-20T19:57:26.782-03:00  INFO 8276 --- [ms-classes] [main] org.mongodb.driver.client                : MongoClient with metadata {"driver": {"name": "mongo-java-driver|sync|spring-boot", "version": "5.0.1"}, "os": {"type": "Windows", "name": "Windows 10", "architecture": "amd64", "version": "10.0"}, "platform": "Java/Oracle Corporation/17.0.12+8-LTS-286"} created with settings MongoClientSettings{readPreference=primary, writeConcern=WriteConcern{w=null, wTimeout=null ms, journal=null}, retryWrites=true, retryReads=true, readConcern=ReadConcern{level=null}, credential=null, transportSettings=null, commandListeners=[io.micrometer.core.instrument.binder.mongodb.MongoMetricsCommandListener@7b7068d8], codecRegistry=ProvidersCodecRegistry{codecProviders=[ValueCodecProvider{}, BsonValueCodecProvider{}, DBRefCodecProvider{}, DBObjectCodecProvider{}, DocumentCodecProvider{}, CollectionCodecProvider{}, IterableCodecProvider{}, MapCodecProvider{}, GeoJsonCodecProvider{}, GridFSFileCodecProvider{}, Jsr310CodecProvider{}, JsonObjectCodecProvider{}, BsonCodecProvider{}, EnumCodecProvider{}, com.mongodb.client.model.mql.ExpressionCodecProvider@1d8e9d3e, com.mongodb.Jep395RecordCodecProvider@360d41d0, com.mongodb.KotlinCodecProvider@4586a8aa]}, loggerSettings=LoggerSettings{maxDocumentLength=1000}, clusterSettings={hosts=[mongo:27018], srvServiceName=mongodb, mode=SINGLE, requiredClusterType=UNKNOWN, requiredReplicaSetName='null', serverSelector='null', clusterListeners='[]', serverSelectionTimeout='30000 ms', localThreshold='15 ms'}, socketSettings=SocketSettings{connectTimeoutMS=10000, readTimeoutMS=0, receiveBufferSize=0, proxySettings=ProxySettings{host=null, port=null, username=null, password=null}}, heartbeatSocketSettings=SocketSettings{connectTimeoutMS=10000, readTimeoutMS=10000, receiveBufferSize=0, proxySettings=ProxySettings{host=null, port=null, username=null, password=null}}, connectionPoolSettings=ConnectionPoolSettings{maxSize=100, minSize=0, maxWaitTimeMS=120000, maxConnectionLifeTimeMS=0, maxConnectionIdleTimeMS=0, maintenanceInitialDelayMS=0, maintenanceFrequencyMS=60000, connectionPoolListeners=[io.micrometer.core.instrument.binder.mongodb.MongoMetricsConnectionPoolListener@3dc82e6a], maxConnecting=2}, serverSettings=ServerSettings{heartbeatFrequencyMS=10000, minHeartbeatFrequencyMS=500, serverListeners='[]', serverMonitorListeners='[]'}, sslSettings=SslSettings{enabled=false, invalidHostNameAllowed=false, context=null}, applicationName='null', compressorList=[], uuidRepresentation=JAVA_LEGACY, serverApi=null, autoEncryptionSettings=null, dnsClient=null, inetAddressResolver=null, contextProvider=null}
2024-11-20T19:57:28.485-03:00  WARN 8276 --- [ms-classes] [main] .s.s.UserDetailsServiceAutoConfiguration : 

Using generated security password: 7f4dd074-b4f3-4d32-a313-2f0860cbc6da

This generated password is for development use only. Your security configuration must be updated before running your application in production.

2024-11-20T19:57:28.569-03:00  INFO 8276 --- [ms-classes] [main] r$InitializeUserDetailsManagerConfigurer : Global AuthenticationManager configured with UserDetailsService bean with name inMemoryUserDetailsManager
2024-11-20T19:57:29.041-03:00  INFO 8276 --- [ms-classes] [cluster-ClusterId{value='673e6956df415e522d45a422', description='null'}-mongo:27018] org.mongodb.driver.cluster               : Exception in monitor thread while connecting to server mongo:27018

com.mongodb.MongoSocketException: No such host is known (mongo)
	at com.mongodb.internal.connection.ServerAddressHelper.getSocketAddresses(ServerAddressHelper.java:75) ~[mongodb-driver-core-5.0.1.jar:na]
	at com.mongodb.internal.connection.SocketStream.initializeSocket(SocketStream.java:101) ~[mongodb-driver-core-5.0.1.jar:na]
	at com.mongodb.internal.connection.SocketStream.open(SocketStream.java:80) ~[mongodb-driver-core-5.0.1.jar:na]
	at com.mongodb.internal.connection.InternalStreamConnection.open(InternalStreamConnection.java:201) ~[mongodb-driver-core-5.0.1.jar:na]
	at com.mongodb.internal.connection.DefaultServerMonitor$ServerMonitorRunnable.lookupServerDescription(DefaultServerMonitor.java:193) ~[mongodb-driver-core-5.0.1.jar:na]
	at com.mongodb.internal.connection.DefaultServerMonitor$ServerMonitorRunnable.run(DefaultServerMonitor.java:153) ~[mongodb-driver-core-5.0.1.jar:na]
	at java.base/java.lang.Thread.run(Thread.java:842) ~[na:na]
Caused by: java.net.UnknownHostException: No such host is known (mongo)
	at java.base/java.net.Inet6AddressImpl.lookupAllHostAddr(Native Method) ~[na:na]
	at java.base/java.net.InetAddress$PlatformNameService.lookupAllHostAddr(InetAddress.java:933) ~[na:na]
	at java.base/java.net.InetAddress.getAddressesFromNameService(InetAddress.java:1543) ~[na:na]
	at java.base/java.net.InetAddress$NameServiceAddresses.get(InetAddress.java:852) ~[na:na]
	at java.base/java.net.InetAddress.getAllByName0(InetAddress.java:1532) ~[na:na]
	at java.base/java.net.InetAddress.getAllByName(InetAddress.java:1384) ~[na:na]
	at java.base/java.net.InetAddress.getAllByName(InetAddress.java:1305) ~[na:na]
	at com.mongodb.internal.connection.DefaultInetAddressResolver.lookupByName(DefaultInetAddressResolver.java:34) ~[mongodb-driver-core-5.0.1.jar:na]
	at com.mongodb.internal.connection.ServerAddressHelper.getSocketAddresses(ServerAddressHelper.java:71) ~[mongodb-driver-core-5.0.1.jar:na]
	... 6 common frames omitted

2024-11-20T19:57:29.943-03:00  INFO 8276 --- [ms-classes] [main] o.s.b.a.e.web.EndpointLinksResolver      : Exposing 15 endpoints beneath base path '/actuator'
2024-11-20T19:57:31.198-03:00  INFO 8276 --- [ms-classes] [main] b.c.r.c.CrudUsersAndAuthApplicationTests : Started CrudUsersAndAuthApplicationTests in 11.802 seconds (process running for 14.009)
2024-11-20T20:05:22.799-03:00  INFO 7128 --- [ms-classes] [main] b.c.r.c.CrudUsersAndAuthApplicationTests : Starting CrudUsersAndAuthApplicationTests using Java 17.0.12 with PID 7128 (started by acer in C:\Users\acer\Desktop\Projetos\atividadeextensionista\microservices\ms-classes)
2024-11-20T20:05:22.803-03:00  INFO 7128 --- [ms-classes] [main] b.c.r.c.CrudUsersAndAuthApplicationTests : The following 1 profile is active: "DEV"
2024-11-20T20:05:25.215-03:00  INFO 7128 --- [ms-classes] [main] .s.d.r.c.RepositoryConfigurationDelegate : Bootstrapping Spring Data MongoDB repositories in DEFAULT mode.
2024-11-20T20:05:25.279-03:00  INFO 7128 --- [ms-classes] [main] .s.d.r.c.RepositoryConfigurationDelegate : Finished Spring Data repository scanning in 57 ms. Found 1 MongoDB repository interface.
2024-11-20T20:05:28.378-03:00  INFO 7128 --- [ms-classes] [main] org.mongodb.driver.client                : MongoClient with metadata {"driver": {"name": "mongo-java-driver|sync|spring-boot", "version": "5.0.1"}, "os": {"type": "Windows", "name": "Windows 10", "architecture": "amd64", "version": "10.0"}, "platform": "Java/Oracle Corporation/17.0.12+8-LTS-286"} created with settings MongoClientSettings{readPreference=primary, writeConcern=WriteConcern{w=null, wTimeout=null ms, journal=null}, retryWrites=true, retryReads=true, readConcern=ReadConcern{level=null}, credential=null, transportSettings=null, commandListeners=[io.micrometer.core.instrument.binder.mongodb.MongoMetricsCommandListener@2fb082ff], codecRegistry=ProvidersCodecRegistry{codecProviders=[ValueCodecProvider{}, BsonValueCodecProvider{}, DBRefCodecProvider{}, DBObjectCodecProvider{}, DocumentCodecProvider{}, CollectionCodecProvider{}, IterableCodecProvider{}, MapCodecProvider{}, GeoJsonCodecProvider{}, GridFSFileCodecProvider{}, Jsr310CodecProvider{}, JsonObjectCodecProvider{}, BsonCodecProvider{}, EnumCodecProvider{}, com.mongodb.client.model.mql.ExpressionCodecProvider@5a4c98d7, com.mongodb.Jep395RecordCodecProvider@668a32a4, com.mongodb.KotlinCodecProvider@2026fbff]}, loggerSettings=LoggerSettings{maxDocumentLength=1000}, clusterSettings={hosts=[localhost:27017], srvServiceName=mongodb, mode=SINGLE, requiredClusterType=UNKNOWN, requiredReplicaSetName='null', serverSelector='null', clusterListeners='[]', serverSelectionTimeout='30000 ms', localThreshold='15 ms'}, socketSettings=SocketSettings{connectTimeoutMS=10000, readTimeoutMS=0, receiveBufferSize=0, proxySettings=ProxySettings{host=null, port=null, username=null, password=null}}, heartbeatSocketSettings=SocketSettings{connectTimeoutMS=10000, readTimeoutMS=10000, receiveBufferSize=0, proxySettings=ProxySettings{host=null, port=null, username=null, password=null}}, connectionPoolSettings=ConnectionPoolSettings{maxSize=100, minSize=0, maxWaitTimeMS=120000, maxConnectionLifeTimeMS=0, maxConnectionIdleTimeMS=0, maintenanceInitialDelayMS=0, maintenanceFrequencyMS=60000, connectionPoolListeners=[io.micrometer.core.instrument.binder.mongodb.MongoMetricsConnectionPoolListener@baa227e], maxConnecting=2}, serverSettings=ServerSettings{heartbeatFrequencyMS=10000, minHeartbeatFrequencyMS=500, serverListeners='[]', serverMonitorListeners='[]'}, sslSettings=SslSettings{enabled=false, invalidHostNameAllowed=false, context=null}, applicationName='null', compressorList=[], uuidRepresentation=JAVA_LEGACY, serverApi=null, autoEncryptionSettings=null, dnsClient=null, inetAddressResolver=null, contextProvider=null}
2024-11-20T20:05:28.441-03:00  INFO 7128 --- [ms-classes] [cluster-ClusterId{value='673e6b3890e7c00c048fc400', description='null'}-localhost:27017] org.mongodb.driver.cluster               : Monitor thread successfully connected to server with description ServerDescription{address=localhost:27017, type=STANDALONE, state=CONNECTED, ok=true, minWireVersion=0, maxWireVersion=21, maxDocumentSize=16777216, logicalSessionTimeoutMinutes=30, roundTripTimeNanos=50972100}
2024-11-20T20:05:29.640-03:00  WARN 7128 --- [ms-classes] [main] .s.s.UserDetailsServiceAutoConfiguration : 

Using generated security password: 2c526835-2178-427e-929c-f126c4845fa5

This generated password is for development use only. Your security configuration must be updated before running your application in production.

2024-11-20T20:05:29.698-03:00  INFO 7128 --- [ms-classes] [main] r$InitializeUserDetailsManagerConfigurer : Global AuthenticationManager configured with UserDetailsService bean with name inMemoryUserDetailsManager
2024-11-20T20:05:30.806-03:00  INFO 7128 --- [ms-classes] [main] o.s.b.a.e.web.EndpointLinksResolver      : Exposing 15 endpoints beneath base path '/actuator'
2024-11-20T20:05:32.037-03:00  INFO 7128 --- [ms-classes] [main] b.c.r.c.CrudUsersAndAuthApplicationTests : Started CrudUsersAndAuthApplicationTests in 10.329 seconds (process running for 12.598)
2024-11-20T20:14:53.105-03:00  INFO 6604 --- [ms-classes] [main] b.c.r.c.CrudUsersAndAuthApplicationTests : Starting CrudUsersAndAuthApplicationTests using Java 17.0.12 with PID 6604 (started by acer in C:\Users\acer\Desktop\Projetos\atividadeextensionista\microservices\ms-classes)
2024-11-20T20:14:53.108-03:00  INFO 6604 --- [ms-classes] [main] b.c.r.c.CrudUsersAndAuthApplicationTests : The following 1 profile is active: "DEV"
2024-11-20T20:14:55.258-03:00  INFO 6604 --- [ms-classes] [main] .s.d.r.c.RepositoryConfigurationDelegate : Bootstrapping Spring Data MongoDB repositories in DEFAULT mode.
2024-11-20T20:14:55.326-03:00  INFO 6604 --- [ms-classes] [main] .s.d.r.c.RepositoryConfigurationDelegate : Finished Spring Data repository scanning in 60 ms. Found 1 MongoDB repository interface.
2024-11-20T20:14:58.413-03:00  INFO 6604 --- [ms-classes] [main] org.mongodb.driver.client                : MongoClient with metadata {"driver": {"name": "mongo-java-driver|sync|spring-boot", "version": "5.0.1"}, "os": {"type": "Windows", "name": "Windows 10", "architecture": "amd64", "version": "10.0"}, "platform": "Java/Oracle Corporation/17.0.12+8-LTS-286"} created with settings MongoClientSettings{readPreference=primary, writeConcern=WriteConcern{w=null, wTimeout=null ms, journal=null}, retryWrites=true, retryReads=true, readConcern=ReadConcern{level=null}, credential=null, transportSettings=null, commandListeners=[io.micrometer.core.instrument.binder.mongodb.MongoMetricsCommandListener@2084e65a], codecRegistry=ProvidersCodecRegistry{codecProviders=[ValueCodecProvider{}, BsonValueCodecProvider{}, DBRefCodecProvider{}, DBObjectCodecProvider{}, DocumentCodecProvider{}, CollectionCodecProvider{}, IterableCodecProvider{}, MapCodecProvider{}, GeoJsonCodecProvider{}, GridFSFileCodecProvider{}, Jsr310CodecProvider{}, JsonObjectCodecProvider{}, BsonCodecProvider{}, EnumCodecProvider{}, com.mongodb.client.model.mql.ExpressionCodecProvider@1b8fa2fa, com.mongodb.Jep395RecordCodecProvider@21527b8, com.mongodb.KotlinCodecProvider@7cc1f72c]}, loggerSettings=LoggerSettings{maxDocumentLength=1000}, clusterSettings={hosts=[localhost:27017], srvServiceName=mongodb, mode=SINGLE, requiredClusterType=UNKNOWN, requiredReplicaSetName='null', serverSelector='null', clusterListeners='[]', serverSelectionTimeout='30000 ms', localThreshold='15 ms'}, socketSettings=SocketSettings{connectTimeoutMS=10000, readTimeoutMS=0, receiveBufferSize=0, proxySettings=ProxySettings{host=null, port=null, username=null, password=null}}, heartbeatSocketSettings=SocketSettings{connectTimeoutMS=10000, readTimeoutMS=10000, receiveBufferSize=0, proxySettings=ProxySettings{host=null, port=null, username=null, password=null}}, connectionPoolSettings=ConnectionPoolSettings{maxSize=100, minSize=0, maxWaitTimeMS=120000, maxConnectionLifeTimeMS=0, maxConnectionIdleTimeMS=0, maintenanceInitialDelayMS=0, maintenanceFrequencyMS=60000, connectionPoolListeners=[io.micrometer.core.instrument.binder.mongodb.MongoMetricsConnectionPoolListener@7b7068d8], maxConnecting=2}, serverSettings=ServerSettings{heartbeatFrequencyMS=10000, minHeartbeatFrequencyMS=500, serverListeners='[]', serverMonitorListeners='[]'}, sslSettings=SslSettings{enabled=false, invalidHostNameAllowed=false, context=null}, applicationName='null', compressorList=[], uuidRepresentation=JAVA_LEGACY, serverApi=null, autoEncryptionSettings=null, dnsClient=null, inetAddressResolver=null, contextProvider=null}
2024-11-20T20:14:58.476-03:00  INFO 6604 --- [ms-classes] [cluster-ClusterId{value='673e6d726cb262679325eab2', description='null'}-localhost:27017] org.mongodb.driver.cluster               : Monitor thread successfully connected to server with description ServerDescription{address=localhost:27017, type=STANDALONE, state=CONNECTED, ok=true, minWireVersion=0, maxWireVersion=21, maxDocumentSize=16777216, logicalSessionTimeoutMinutes=30, roundTripTimeNanos=63955601}
2024-11-20T20:15:00.598-03:00  WARN 6604 --- [ms-classes] [main] .s.s.UserDetailsServiceAutoConfiguration : 

Using generated security password: f837fced-903a-4bb4-9f5d-1aaf63eb0c2e

This generated password is for development use only. Your security configuration must be updated before running your application in production.

2024-11-20T20:15:00.665-03:00  INFO 6604 --- [ms-classes] [main] r$InitializeUserDetailsManagerConfigurer : Global AuthenticationManager configured with UserDetailsService bean with name inMemoryUserDetailsManager
2024-11-20T20:15:02.164-03:00  INFO 6604 --- [ms-classes] [main] o.s.b.a.e.web.EndpointLinksResolver      : Exposing 15 endpoints beneath base path '/actuator'
2024-11-20T20:15:03.744-03:00  INFO 6604 --- [ms-classes] [main] b.c.r.c.CrudUsersAndAuthApplicationTests : Started CrudUsersAndAuthApplicationTests in 11.457 seconds (process running for 13.831)
