2024-11-25T11:16:41.750-03:00  INFO 5160 --- [ms-knowledgearea-and-subjects] [restartedMain] b.c.r.knowledgearea_and_subjects.App     : Starting App using Java 17.0.12 with PID 5160 (C:\Users\acer\Desktop\Projetos\atividadeextensionista\microservices\ms-knowledgearea-and-subjects\target\classes started by acer in C:\Users\acer\Desktop\Projetos\atividadeextensionista\microservices\ms-knowledgearea-and-subjects)
2024-11-25T11:16:41.775-03:00  INFO 5160 --- [ms-knowledgearea-and-subjects] [restartedMain] b.c.r.knowledgearea_and_subjects.App     : The following 1 profile is active: "DEV"
2024-11-25T11:16:42.151-03:00  INFO 5160 --- [ms-knowledgearea-and-subjects] [restartedMain] .e.DevToolsPropertyDefaultsPostProcessor : Devtools property defaults active! Set 'spring.devtools.add-properties' to 'false' to disable
2024-11-25T11:16:42.152-03:00  INFO 5160 --- [ms-knowledgearea-and-subjects] [restartedMain] .e.DevToolsPropertyDefaultsPostProcessor : For additional web related logging consider setting the 'logging.level.web' property to 'DEBUG'
2024-11-25T11:16:46.341-03:00  INFO 5160 --- [ms-knowledgearea-and-subjects] [restartedMain] .s.d.r.c.RepositoryConfigurationDelegate : Bootstrapping Spring Data MongoDB repositories in DEFAULT mode.
2024-11-25T11:16:46.575-03:00  INFO 5160 --- [ms-knowledgearea-and-subjects] [restartedMain] .s.d.r.c.RepositoryConfigurationDelegate : Finished Spring Data repository scanning in 217 ms. Found 3 MongoDB repository interfaces.
2024-11-25T11:16:50.757-03:00  INFO 5160 --- [ms-knowledgearea-and-subjects] [restartedMain] o.s.b.w.embedded.tomcat.TomcatWebServer  : Tomcat initialized with port 8080 (http)
2024-11-25T11:16:50.796-03:00  INFO 5160 --- [ms-knowledgearea-and-subjects] [restartedMain] o.apache.catalina.core.StandardService   : Starting service [Tomcat]
2024-11-25T11:16:50.797-03:00  INFO 5160 --- [ms-knowledgearea-and-subjects] [restartedMain] o.apache.catalina.core.StandardEngine    : Starting Servlet engine: [Apache Tomcat/10.1.25]
2024-11-25T11:16:51.293-03:00  INFO 5160 --- [ms-knowledgearea-and-subjects] [restartedMain] o.a.c.c.C.[Tomcat].[localhost].[/]       : Initializing Spring embedded WebApplicationContext
2024-11-25T11:16:51.294-03:00  INFO 5160 --- [ms-knowledgearea-and-subjects] [restartedMain] w.s.c.ServletWebServerApplicationContext : Root WebApplicationContext: initialization completed in 9141 ms
2024-11-25T11:16:52.764-03:00  INFO 5160 --- [ms-knowledgearea-and-subjects] [restartedMain] org.mongodb.driver.client                : MongoClient with metadata {"driver": {"name": "mongo-java-driver|sync|spring-boot", "version": "5.0.1"}, "os": {"type": "Windows", "name": "Windows 10", "architecture": "amd64", "version": "10.0"}, "platform": "Java/BellSoft/17.0.12+10-LTS"} created with settings MongoClientSettings{readPreference=primary, writeConcern=WriteConcern{w=null, wTimeout=null ms, journal=null}, retryWrites=true, retryReads=true, readConcern=ReadConcern{level=null}, credential=null, transportSettings=null, commandListeners=[io.micrometer.core.instrument.binder.mongodb.MongoMetricsCommandListener@4657b2ed], codecRegistry=ProvidersCodecRegistry{codecProviders=[ValueCodecProvider{}, BsonValueCodecProvider{}, DBRefCodecProvider{}, DBObjectCodecProvider{}, DocumentCodecProvider{}, CollectionCodecProvider{}, IterableCodecProvider{}, MapCodecProvider{}, GeoJsonCodecProvider{}, GridFSFileCodecProvider{}, Jsr310CodecProvider{}, JsonObjectCodecProvider{}, BsonCodecProvider{}, EnumCodecProvider{}, com.mongodb.client.model.mql.ExpressionCodecProvider@4add96db, com.mongodb.Jep395RecordCodecProvider@50b6f7f1, com.mongodb.KotlinCodecProvider@7eee748]}, loggerSettings=LoggerSettings{maxDocumentLength=1000}, clusterSettings={hosts=[localhost:27017], srvServiceName=mongodb, mode=SINGLE, requiredClusterType=UNKNOWN, requiredReplicaSetName='null', serverSelector='null', clusterListeners='[]', serverSelectionTimeout='30000 ms', localThreshold='15 ms'}, socketSettings=SocketSettings{connectTimeoutMS=10000, readTimeoutMS=0, receiveBufferSize=0, proxySettings=ProxySettings{host=null, port=null, username=null, password=null}}, heartbeatSocketSettings=SocketSettings{connectTimeoutMS=10000, readTimeoutMS=10000, receiveBufferSize=0, proxySettings=ProxySettings{host=null, port=null, username=null, password=null}}, connectionPoolSettings=ConnectionPoolSettings{maxSize=100, minSize=0, maxWaitTimeMS=120000, maxConnectionLifeTimeMS=0, maxConnectionIdleTimeMS=0, maintenanceInitialDelayMS=0, maintenanceFrequencyMS=60000, connectionPoolListeners=[io.micrometer.core.instrument.binder.mongodb.MongoMetricsConnectionPoolListener@7cd5fd82], maxConnecting=2}, serverSettings=ServerSettings{heartbeatFrequencyMS=10000, minHeartbeatFrequencyMS=500, serverListeners='[]', serverMonitorListeners='[]'}, sslSettings=SslSettings{enabled=false, invalidHostNameAllowed=false, context=null}, applicationName='null', compressorList=[], uuidRepresentation=JAVA_LEGACY, serverApi=null, autoEncryptionSettings=null, dnsClient=null, inetAddressResolver=null, contextProvider=null}
2024-11-25T11:16:52.827-03:00  INFO 5160 --- [ms-knowledgearea-and-subjects] [cluster-ClusterId{value='674486d4ea64663ff5013f17', description='null'}-localhost:27017] org.mongodb.driver.cluster               : Monitor thread successfully connected to server with description ServerDescription{address=localhost:27017, type=STANDALONE, state=CONNECTED, ok=true, minWireVersion=0, maxWireVersion=21, maxDocumentSize=16777216, logicalSessionTimeoutMinutes=30, roundTripTimeNanos=85258299}
2024-11-25T11:16:53.310-03:00  INFO 5160 --- [ms-knowledgearea-and-subjects] [restartedMain] o.s.b.d.a.OptionalLiveReloadServer       : LiveReload server is running on port 35729
2024-11-25T11:17:07.360-03:00  WARN 5160 --- [ms-knowledgearea-and-subjects] [restartedMain] .s.s.UserDetailsServiceAutoConfiguration : 

Using generated security password: 4b00651d-5026-4077-96dd-88ebc940e7b4

This generated password is for development use only. Your security configuration must be updated before running your application in production.

2024-11-25T11:17:07.535-03:00  INFO 5160 --- [ms-knowledgearea-and-subjects] [restartedMain] r$InitializeUserDetailsManagerConfigurer : Global AuthenticationManager configured with UserDetailsService bean with name inMemoryUserDetailsManager
2024-11-25T11:17:09.631-03:00  INFO 5160 --- [ms-knowledgearea-and-subjects] [restartedMain] o.s.b.a.e.web.EndpointLinksResolver      : Exposing 15 endpoints beneath base path '/actuator'
2024-11-25T11:17:11.695-03:00  INFO 5160 --- [ms-knowledgearea-and-subjects] [restartedMain] o.s.b.w.embedded.tomcat.TomcatWebServer  : Tomcat started on port 8080 (http) with context path '/'
2024-11-25T11:17:11.777-03:00  INFO 5160 --- [ms-knowledgearea-and-subjects] [restartedMain] b.c.r.knowledgearea_and_subjects.App     : Started App in 32.305 seconds (process running for 35.796)
2024-11-25T11:24:55.489-03:00  INFO 7476 --- [ms-knowledgearea-and-subjects] [restartedMain] b.c.r.knowledgearea_and_subjects.App     : Starting App using Java 17.0.12 with PID 7476 (C:\Users\acer\Desktop\Projetos\atividadeextensionista\microservices\ms-knowledgearea-and-subjects\target\classes started by acer in C:\Users\acer\Desktop\Projetos\atividadeextensionista\microservices\ms-knowledgearea-and-subjects)
2024-11-25T11:24:55.497-03:00  INFO 7476 --- [ms-knowledgearea-and-subjects] [restartedMain] b.c.r.knowledgearea_and_subjects.App     : The following 1 profile is active: "DEV"
2024-11-25T11:24:55.722-03:00  INFO 7476 --- [ms-knowledgearea-and-subjects] [restartedMain] .e.DevToolsPropertyDefaultsPostProcessor : Devtools property defaults active! Set 'spring.devtools.add-properties' to 'false' to disable
2024-11-25T11:24:55.725-03:00  INFO 7476 --- [ms-knowledgearea-and-subjects] [restartedMain] .e.DevToolsPropertyDefaultsPostProcessor : For additional web related logging consider setting the 'logging.level.web' property to 'DEBUG'
2024-11-25T11:24:58.902-03:00  INFO 7476 --- [ms-knowledgearea-and-subjects] [restartedMain] .s.d.r.c.RepositoryConfigurationDelegate : Bootstrapping Spring Data MongoDB repositories in DEFAULT mode.
2024-11-25T11:24:59.102-03:00  INFO 7476 --- [ms-knowledgearea-and-subjects] [restartedMain] .s.d.r.c.RepositoryConfigurationDelegate : Finished Spring Data repository scanning in 188 ms. Found 3 MongoDB repository interfaces.
2024-11-25T11:25:08.581-03:00  INFO 7476 --- [ms-knowledgearea-and-subjects] [restartedMain] o.s.b.w.embedded.tomcat.TomcatWebServer  : Tomcat initialized with port 8080 (http)
2024-11-25T11:25:08.622-03:00  INFO 7476 --- [ms-knowledgearea-and-subjects] [restartedMain] o.apache.catalina.core.StandardService   : Starting service [Tomcat]
2024-11-25T11:25:08.623-03:00  INFO 7476 --- [ms-knowledgearea-and-subjects] [restartedMain] o.apache.catalina.core.StandardEngine    : Starting Servlet engine: [Apache Tomcat/10.1.25]
2024-11-25T11:25:08.833-03:00  INFO 7476 --- [ms-knowledgearea-and-subjects] [restartedMain] o.a.c.c.C.[Tomcat].[localhost].[/]       : Initializing Spring embedded WebApplicationContext
2024-11-25T11:25:08.835-03:00  INFO 7476 --- [ms-knowledgearea-and-subjects] [restartedMain] w.s.c.ServletWebServerApplicationContext : Root WebApplicationContext: initialization completed in 13108 ms
2024-11-25T11:25:10.928-03:00  INFO 7476 --- [ms-knowledgearea-and-subjects] [restartedMain] org.mongodb.driver.client                : MongoClient with metadata {"driver": {"name": "mongo-java-driver|sync|spring-boot", "version": "5.0.1"}, "os": {"type": "Windows", "name": "Windows 10", "architecture": "amd64", "version": "10.0"}, "platform": "Java/BellSoft/17.0.12+10-LTS"} created with settings MongoClientSettings{readPreference=primary, writeConcern=WriteConcern{w=null, wTimeout=null ms, journal=null}, retryWrites=true, retryReads=true, readConcern=ReadConcern{level=null}, credential=null, transportSettings=null, commandListeners=[io.micrometer.core.instrument.binder.mongodb.MongoMetricsCommandListener@71456e5a], codecRegistry=ProvidersCodecRegistry{codecProviders=[ValueCodecProvider{}, BsonValueCodecProvider{}, DBRefCodecProvider{}, DBObjectCodecProvider{}, DocumentCodecProvider{}, CollectionCodecProvider{}, IterableCodecProvider{}, MapCodecProvider{}, GeoJsonCodecProvider{}, GridFSFileCodecProvider{}, Jsr310CodecProvider{}, JsonObjectCodecProvider{}, BsonCodecProvider{}, EnumCodecProvider{}, com.mongodb.client.model.mql.ExpressionCodecProvider@2edaa067, com.mongodb.Jep395RecordCodecProvider@79e44bf4, com.mongodb.KotlinCodecProvider@27249910]}, loggerSettings=LoggerSettings{maxDocumentLength=1000}, clusterSettings={hosts=[localhost:27017], srvServiceName=mongodb, mode=SINGLE, requiredClusterType=UNKNOWN, requiredReplicaSetName='null', serverSelector='null', clusterListeners='[]', serverSelectionTimeout='30000 ms', localThreshold='15 ms'}, socketSettings=SocketSettings{connectTimeoutMS=10000, readTimeoutMS=0, receiveBufferSize=0, proxySettings=ProxySettings{host=null, port=null, username=null, password=null}}, heartbeatSocketSettings=SocketSettings{connectTimeoutMS=10000, readTimeoutMS=10000, receiveBufferSize=0, proxySettings=ProxySettings{host=null, port=null, username=null, password=null}}, connectionPoolSettings=ConnectionPoolSettings{maxSize=100, minSize=0, maxWaitTimeMS=120000, maxConnectionLifeTimeMS=0, maxConnectionIdleTimeMS=0, maintenanceInitialDelayMS=0, maintenanceFrequencyMS=60000, connectionPoolListeners=[io.micrometer.core.instrument.binder.mongodb.MongoMetricsConnectionPoolListener@7d491410], maxConnecting=2}, serverSettings=ServerSettings{heartbeatFrequencyMS=10000, minHeartbeatFrequencyMS=500, serverListeners='[]', serverMonitorListeners='[]'}, sslSettings=SslSettings{enabled=false, invalidHostNameAllowed=false, context=null}, applicationName='null', compressorList=[], uuidRepresentation=JAVA_LEGACY, serverApi=null, autoEncryptionSettings=null, dnsClient=null, inetAddressResolver=null, contextProvider=null}
2024-11-25T11:25:10.969-03:00  INFO 7476 --- [ms-knowledgearea-and-subjects] [cluster-ClusterId{value='674488c65ed7457014e6ff82', description='null'}-localhost:27017] org.mongodb.driver.cluster               : Monitor thread successfully connected to server with description ServerDescription{address=localhost:27017, type=STANDALONE, state=CONNECTED, ok=true, minWireVersion=0, maxWireVersion=21, maxDocumentSize=16777216, logicalSessionTimeoutMinutes=30, roundTripTimeNanos=67828900}
2024-11-25T11:25:11.424-03:00  INFO 7476 --- [ms-knowledgearea-and-subjects] [restartedMain] o.s.b.d.a.OptionalLiveReloadServer       : LiveReload server is running on port 35729
2024-11-25T11:25:23.455-03:00  WARN 7476 --- [ms-knowledgearea-and-subjects] [restartedMain] .s.s.UserDetailsServiceAutoConfiguration : 

Using generated security password: 0b683124-dd03-42f7-a164-1c55d3663dbe

This generated password is for development use only. Your security configuration must be updated before running your application in production.

2024-11-25T11:25:23.500-03:00  INFO 7476 --- [ms-knowledgearea-and-subjects] [restartedMain] r$InitializeUserDetailsManagerConfigurer : Global AuthenticationManager configured with UserDetailsService bean with name inMemoryUserDetailsManager
2024-11-25T11:25:24.858-03:00  INFO 7476 --- [ms-knowledgearea-and-subjects] [restartedMain] o.s.b.a.e.web.EndpointLinksResolver      : Exposing 15 endpoints beneath base path '/actuator'
2024-11-25T11:25:26.607-03:00  INFO 7476 --- [ms-knowledgearea-and-subjects] [restartedMain] o.s.b.w.embedded.tomcat.TomcatWebServer  : Tomcat started on port 8080 (http) with context path '/'
2024-11-25T11:25:26.652-03:00  INFO 7476 --- [ms-knowledgearea-and-subjects] [restartedMain] b.c.r.knowledgearea_and_subjects.App     : Started App in 32.309 seconds (process running for 33.814)
2024-11-25T11:26:13.586-03:00  INFO 11172 --- [ms-knowledgearea-and-subjects] [restartedMain] b.c.r.knowledgearea_and_subjects.App     : Starting App using Java 17.0.12 with PID 11172 (C:\Users\acer\Desktop\Projetos\atividadeextensionista\microservices\ms-knowledgearea-and-subjects\target\classes started by acer in C:\Users\acer\Desktop\Projetos\atividadeextensionista\microservices\ms-knowledgearea-and-subjects)
2024-11-25T11:26:13.591-03:00  INFO 11172 --- [ms-knowledgearea-and-subjects] [restartedMain] b.c.r.knowledgearea_and_subjects.App     : The following 1 profile is active: "DEV"
2024-11-25T11:26:13.803-03:00  INFO 11172 --- [ms-knowledgearea-and-subjects] [restartedMain] .e.DevToolsPropertyDefaultsPostProcessor : Devtools property defaults active! Set 'spring.devtools.add-properties' to 'false' to disable
2024-11-25T11:26:13.803-03:00  INFO 11172 --- [ms-knowledgearea-and-subjects] [restartedMain] .e.DevToolsPropertyDefaultsPostProcessor : For additional web related logging consider setting the 'logging.level.web' property to 'DEBUG'
2024-11-25T11:26:16.520-03:00  INFO 11172 --- [ms-knowledgearea-and-subjects] [restartedMain] .s.d.r.c.RepositoryConfigurationDelegate : Bootstrapping Spring Data MongoDB repositories in DEFAULT mode.
2024-11-25T11:26:16.630-03:00  INFO 11172 --- [ms-knowledgearea-and-subjects] [restartedMain] .s.d.r.c.RepositoryConfigurationDelegate : Finished Spring Data repository scanning in 97 ms. Found 3 MongoDB repository interfaces.
2024-11-25T11:26:19.798-03:00  INFO 11172 --- [ms-knowledgearea-and-subjects] [restartedMain] o.s.b.w.embedded.tomcat.TomcatWebServer  : Tomcat initialized with port 8080 (http)
2024-11-25T11:26:19.859-03:00  INFO 11172 --- [ms-knowledgearea-and-subjects] [restartedMain] o.apache.catalina.core.StandardService   : Starting service [Tomcat]
2024-11-25T11:26:19.859-03:00  INFO 11172 --- [ms-knowledgearea-and-subjects] [restartedMain] o.apache.catalina.core.StandardEngine    : Starting Servlet engine: [Apache Tomcat/10.1.25]
2024-11-25T11:26:20.393-03:00  INFO 11172 --- [ms-knowledgearea-and-subjects] [restartedMain] o.a.c.c.C.[Tomcat].[localhost].[/]       : Initializing Spring embedded WebApplicationContext
2024-11-25T11:26:20.393-03:00  INFO 11172 --- [ms-knowledgearea-and-subjects] [restartedMain] w.s.c.ServletWebServerApplicationContext : Root WebApplicationContext: initialization completed in 6586 ms
2024-11-25T11:26:21.547-03:00  INFO 11172 --- [ms-knowledgearea-and-subjects] [restartedMain] org.mongodb.driver.client                : MongoClient with metadata {"driver": {"name": "mongo-java-driver|sync|spring-boot", "version": "5.0.1"}, "os": {"type": "Windows", "name": "Windows 10", "architecture": "amd64", "version": "10.0"}, "platform": "Java/BellSoft/17.0.12+10-LTS"} created with settings MongoClientSettings{readPreference=primary, writeConcern=WriteConcern{w=null, wTimeout=null ms, journal=null}, retryWrites=true, retryReads=true, readConcern=ReadConcern{level=null}, credential=null, transportSettings=null, commandListeners=[io.micrometer.core.instrument.binder.mongodb.MongoMetricsCommandListener@6d6e38], codecRegistry=ProvidersCodecRegistry{codecProviders=[ValueCodecProvider{}, BsonValueCodecProvider{}, DBRefCodecProvider{}, DBObjectCodecProvider{}, DocumentCodecProvider{}, CollectionCodecProvider{}, IterableCodecProvider{}, MapCodecProvider{}, GeoJsonCodecProvider{}, GridFSFileCodecProvider{}, Jsr310CodecProvider{}, JsonObjectCodecProvider{}, BsonCodecProvider{}, EnumCodecProvider{}, com.mongodb.client.model.mql.ExpressionCodecProvider@3f6f22bd, com.mongodb.Jep395RecordCodecProvider@73a243dd, com.mongodb.KotlinCodecProvider@7cf50a3a]}, loggerSettings=LoggerSettings{maxDocumentLength=1000}, clusterSettings={hosts=[localhost:27017], srvServiceName=mongodb, mode=SINGLE, requiredClusterType=UNKNOWN, requiredReplicaSetName='null', serverSelector='null', clusterListeners='[]', serverSelectionTimeout='30000 ms', localThreshold='15 ms'}, socketSettings=SocketSettings{connectTimeoutMS=10000, readTimeoutMS=0, receiveBufferSize=0, proxySettings=ProxySettings{host=null, port=null, username=null, password=null}}, heartbeatSocketSettings=SocketSettings{connectTimeoutMS=10000, readTimeoutMS=10000, receiveBufferSize=0, proxySettings=ProxySettings{host=null, port=null, username=null, password=null}}, connectionPoolSettings=ConnectionPoolSettings{maxSize=100, minSize=0, maxWaitTimeMS=120000, maxConnectionLifeTimeMS=0, maxConnectionIdleTimeMS=0, maintenanceInitialDelayMS=0, maintenanceFrequencyMS=60000, connectionPoolListeners=[io.micrometer.core.instrument.binder.mongodb.MongoMetricsConnectionPoolListener@1702a732], maxConnecting=2}, serverSettings=ServerSettings{heartbeatFrequencyMS=10000, minHeartbeatFrequencyMS=500, serverListeners='[]', serverMonitorListeners='[]'}, sslSettings=SslSettings{enabled=false, invalidHostNameAllowed=false, context=null}, applicationName='null', compressorList=[], uuidRepresentation=JAVA_LEGACY, serverApi=null, autoEncryptionSettings=null, dnsClient=null, inetAddressResolver=null, contextProvider=null}
2024-11-25T11:26:21.569-03:00  INFO 11172 --- [ms-knowledgearea-and-subjects] [cluster-ClusterId{value='6744890dd5ed902cfca2064e', description='null'}-localhost:27017] org.mongodb.driver.cluster               : Monitor thread successfully connected to server with description ServerDescription{address=localhost:27017, type=STANDALONE, state=CONNECTED, ok=true, minWireVersion=0, maxWireVersion=21, maxDocumentSize=16777216, logicalSessionTimeoutMinutes=30, roundTripTimeNanos=47476400}
2024-11-25T11:26:22.031-03:00  INFO 11172 --- [ms-knowledgearea-and-subjects] [restartedMain] o.s.b.d.a.OptionalLiveReloadServer       : LiveReload server is running on port 35729
2024-11-25T11:26:23.965-03:00  WARN 11172 --- [ms-knowledgearea-and-subjects] [restartedMain] ConfigServletWebServerApplicationContext : Exception encountered during context initialization - cancelling refresh attempt: org.springframework.beans.factory.BeanCreationException: Error creating bean with name 'mongoDataInitializer': Invocation of init method failed
2024-11-25T11:26:23.984-03:00  INFO 11172 --- [ms-knowledgearea-and-subjects] [restartedMain] o.apache.catalina.core.StandardService   : Stopping service [Tomcat]
2024-11-25T11:26:24.061-03:00  INFO 11172 --- [ms-knowledgearea-and-subjects] [restartedMain] .s.b.a.l.ConditionEvaluationReportLogger : 

Error starting ApplicationContext. To display the condition evaluation report re-run your application with 'debug' enabled.
2024-11-25T11:26:24.143-03:00 ERROR 11172 --- [ms-knowledgearea-and-subjects] [restartedMain] o.s.boot.SpringApplication               : Application run failed

org.springframework.beans.factory.BeanCreationException: Error creating bean with name 'mongoDataInitializer': Invocation of init method failed
	at org.springframework.beans.factory.annotation.InitDestroyAnnotationBeanPostProcessor.postProcessBeforeInitialization(InitDestroyAnnotationBeanPostProcessor.java:222) ~[spring-beans-6.1.10.jar:6.1.10]
	at org.springframework.beans.factory.support.AbstractAutowireCapableBeanFactory.applyBeanPostProcessorsBeforeInitialization(AbstractAutowireCapableBeanFactory.java:422) ~[spring-beans-6.1.10.jar:6.1.10]
	at org.springframework.beans.factory.support.AbstractAutowireCapableBeanFactory.initializeBean(AbstractAutowireCapableBeanFactory.java:1780) ~[spring-beans-6.1.10.jar:6.1.10]
	at org.springframework.beans.factory.support.AbstractAutowireCapableBeanFactory.doCreateBean(AbstractAutowireCapableBeanFactory.java:600) ~[spring-beans-6.1.10.jar:6.1.10]
	at org.springframework.beans.factory.support.AbstractAutowireCapableBeanFactory.createBean(AbstractAutowireCapableBeanFactory.java:522) ~[spring-beans-6.1.10.jar:6.1.10]
	at org.springframework.beans.factory.support.AbstractBeanFactory.lambda$doGetBean$0(AbstractBeanFactory.java:337) ~[spring-beans-6.1.10.jar:6.1.10]
	at org.springframework.beans.factory.support.DefaultSingletonBeanRegistry.getSingleton(DefaultSingletonBeanRegistry.java:234) ~[spring-beans-6.1.10.jar:6.1.10]
	at org.springframework.beans.factory.support.AbstractBeanFactory.doGetBean(AbstractBeanFactory.java:335) ~[spring-beans-6.1.10.jar:6.1.10]
	at org.springframework.beans.factory.support.AbstractBeanFactory.getBean(AbstractBeanFactory.java:200) ~[spring-beans-6.1.10.jar:6.1.10]
	at org.springframework.beans.factory.support.DefaultListableBeanFactory.preInstantiateSingletons(DefaultListableBeanFactory.java:975) ~[spring-beans-6.1.10.jar:6.1.10]
	at org.springframework.context.support.AbstractApplicationContext.finishBeanFactoryInitialization(AbstractApplicationContext.java:962) ~[spring-context-6.1.10.jar:6.1.10]
	at org.springframework.context.support.AbstractApplicationContext.refresh(AbstractApplicationContext.java:624) ~[spring-context-6.1.10.jar:6.1.10]
	at org.springframework.boot.web.servlet.context.ServletWebServerApplicationContext.refresh(ServletWebServerApplicationContext.java:146) ~[spring-boot-3.3.1.jar:3.3.1]
	at org.springframework.boot.SpringApplication.refresh(SpringApplication.java:754) ~[spring-boot-3.3.1.jar:3.3.1]
	at org.springframework.boot.SpringApplication.refreshContext(SpringApplication.java:456) ~[spring-boot-3.3.1.jar:3.3.1]
	at org.springframework.boot.SpringApplication.run(SpringApplication.java:335) ~[spring-boot-3.3.1.jar:3.3.1]
	at org.springframework.boot.SpringApplication.run(SpringApplication.java:1363) ~[spring-boot-3.3.1.jar:3.3.1]
	at org.springframework.boot.SpringApplication.run(SpringApplication.java:1352) ~[spring-boot-3.3.1.jar:3.3.1]
	at br.com.rufuziu.knowledgearea_and_subjects.App.main(App.java:14) ~[classes/:na]
	at java.base/jdk.internal.reflect.NativeMethodAccessorImpl.invoke0(Native Method) ~[na:na]
	at java.base/jdk.internal.reflect.NativeMethodAccessorImpl.invoke(NativeMethodAccessorImpl.java:77) ~[na:na]
	at java.base/jdk.internal.reflect.DelegatingMethodAccessorImpl.invoke(DelegatingMethodAccessorImpl.java:43) ~[na:na]
	at java.base/java.lang.reflect.Method.invoke(Method.java:569) ~[na:na]
	at org.springframework.boot.devtools.restart.RestartLauncher.run(RestartLauncher.java:50) ~[spring-boot-devtools-3.3.1.jar:3.3.1]
Caused by: java.util.UnknownFormatConversionException: Conversion = 'i'
	at java.base/java.util.Formatter$FormatSpecifier.conversion(Formatter.java:2855) ~[na:na]
	at java.base/java.util.Formatter$FormatSpecifier.<init>(Formatter.java:2891) ~[na:na]
	at java.base/java.util.Formatter.parse(Formatter.java:2747) ~[na:na]
	at java.base/java.util.Formatter.format(Formatter.java:2671) ~[na:na]
	at java.base/java.util.Formatter.format(Formatter.java:2625) ~[na:na]
	at java.base/java.lang.String.format(String.java:4145) ~[na:na]
	at br.com.rufuziu.knowledgearea_and_subjects.services.MongoDataInitializer.init(MongoDataInitializer.java:803) ~[classes/:na]
	at java.base/jdk.internal.reflect.NativeMethodAccessorImpl.invoke0(Native Method) ~[na:na]
	at java.base/jdk.internal.reflect.NativeMethodAccessorImpl.invoke(NativeMethodAccessorImpl.java:77) ~[na:na]
	at java.base/jdk.internal.reflect.DelegatingMethodAccessorImpl.invoke(DelegatingMethodAccessorImpl.java:43) ~[na:na]
	at java.base/java.lang.reflect.Method.invoke(Method.java:569) ~[na:na]
	at org.springframework.beans.factory.annotation.InitDestroyAnnotationBeanPostProcessor$LifecycleMethod.invoke(InitDestroyAnnotationBeanPostProcessor.java:457) ~[spring-beans-6.1.10.jar:6.1.10]
	at org.springframework.beans.factory.annotation.InitDestroyAnnotationBeanPostProcessor$LifecycleMetadata.invokeInitMethods(InitDestroyAnnotationBeanPostProcessor.java:401) ~[spring-beans-6.1.10.jar:6.1.10]
	at org.springframework.beans.factory.annotation.InitDestroyAnnotationBeanPostProcessor.postProcessBeforeInitialization(InitDestroyAnnotationBeanPostProcessor.java:219) ~[spring-beans-6.1.10.jar:6.1.10]
	... 23 common frames omitted

2024-11-25T11:28:31.702-03:00  INFO 4708 --- [ms-knowledgearea-and-subjects] [restartedMain] b.c.r.knowledgearea_and_subjects.App     : Starting App using Java 17.0.12 with PID 4708 (C:\Users\acer\Desktop\Projetos\atividadeextensionista\microservices\ms-knowledgearea-and-subjects\target\classes started by acer in C:\Users\acer\Desktop\Projetos\atividadeextensionista\microservices\ms-knowledgearea-and-subjects)
2024-11-25T11:28:31.708-03:00  INFO 4708 --- [ms-knowledgearea-and-subjects] [restartedMain] b.c.r.knowledgearea_and_subjects.App     : The following 1 profile is active: "DEV"
2024-11-25T11:28:32.277-03:00  INFO 4708 --- [ms-knowledgearea-and-subjects] [restartedMain] .e.DevToolsPropertyDefaultsPostProcessor : Devtools property defaults active! Set 'spring.devtools.add-properties' to 'false' to disable
2024-11-25T11:28:32.277-03:00  INFO 4708 --- [ms-knowledgearea-and-subjects] [restartedMain] .e.DevToolsPropertyDefaultsPostProcessor : For additional web related logging consider setting the 'logging.level.web' property to 'DEBUG'
2024-11-25T11:28:34.670-03:00  INFO 4708 --- [ms-knowledgearea-and-subjects] [restartedMain] .s.d.r.c.RepositoryConfigurationDelegate : Bootstrapping Spring Data MongoDB repositories in DEFAULT mode.
2024-11-25T11:28:34.784-03:00  INFO 4708 --- [ms-knowledgearea-and-subjects] [restartedMain] .s.d.r.c.RepositoryConfigurationDelegate : Finished Spring Data repository scanning in 101 ms. Found 3 MongoDB repository interfaces.
2024-11-25T11:28:37.656-03:00  INFO 4708 --- [ms-knowledgearea-and-subjects] [restartedMain] o.s.b.w.embedded.tomcat.TomcatWebServer  : Tomcat initialized with port 8080 (http)
2024-11-25T11:28:37.700-03:00  INFO 4708 --- [ms-knowledgearea-and-subjects] [restartedMain] o.apache.catalina.core.StandardService   : Starting service [Tomcat]
2024-11-25T11:28:37.701-03:00  INFO 4708 --- [ms-knowledgearea-and-subjects] [restartedMain] o.apache.catalina.core.StandardEngine    : Starting Servlet engine: [Apache Tomcat/10.1.25]
2024-11-25T11:28:37.941-03:00  INFO 4708 --- [ms-knowledgearea-and-subjects] [restartedMain] o.a.c.c.C.[Tomcat].[localhost].[/]       : Initializing Spring embedded WebApplicationContext
2024-11-25T11:28:37.942-03:00  INFO 4708 --- [ms-knowledgearea-and-subjects] [restartedMain] w.s.c.ServletWebServerApplicationContext : Root WebApplicationContext: initialization completed in 5663 ms
2024-11-25T11:28:39.143-03:00  INFO 4708 --- [ms-knowledgearea-and-subjects] [restartedMain] org.mongodb.driver.client                : MongoClient with metadata {"driver": {"name": "mongo-java-driver|sync|spring-boot", "version": "5.0.1"}, "os": {"type": "Windows", "name": "Windows 10", "architecture": "amd64", "version": "10.0"}, "platform": "Java/BellSoft/17.0.12+10-LTS"} created with settings MongoClientSettings{readPreference=primary, writeConcern=WriteConcern{w=null, wTimeout=null ms, journal=null}, retryWrites=true, retryReads=true, readConcern=ReadConcern{level=null}, credential=null, transportSettings=null, commandListeners=[io.micrometer.core.instrument.binder.mongodb.MongoMetricsCommandListener@4ecc1650], codecRegistry=ProvidersCodecRegistry{codecProviders=[ValueCodecProvider{}, BsonValueCodecProvider{}, DBRefCodecProvider{}, DBObjectCodecProvider{}, DocumentCodecProvider{}, CollectionCodecProvider{}, IterableCodecProvider{}, MapCodecProvider{}, GeoJsonCodecProvider{}, GridFSFileCodecProvider{}, Jsr310CodecProvider{}, JsonObjectCodecProvider{}, BsonCodecProvider{}, EnumCodecProvider{}, com.mongodb.client.model.mql.ExpressionCodecProvider@2c3171fd, com.mongodb.Jep395RecordCodecProvider@61c512f0, com.mongodb.KotlinCodecProvider@721a7941]}, loggerSettings=LoggerSettings{maxDocumentLength=1000}, clusterSettings={hosts=[localhost:27017], srvServiceName=mongodb, mode=SINGLE, requiredClusterType=UNKNOWN, requiredReplicaSetName='null', serverSelector='null', clusterListeners='[]', serverSelectionTimeout='30000 ms', localThreshold='15 ms'}, socketSettings=SocketSettings{connectTimeoutMS=10000, readTimeoutMS=0, receiveBufferSize=0, proxySettings=ProxySettings{host=null, port=null, username=null, password=null}}, heartbeatSocketSettings=SocketSettings{connectTimeoutMS=10000, readTimeoutMS=10000, receiveBufferSize=0, proxySettings=ProxySettings{host=null, port=null, username=null, password=null}}, connectionPoolSettings=ConnectionPoolSettings{maxSize=100, minSize=0, maxWaitTimeMS=120000, maxConnectionLifeTimeMS=0, maxConnectionIdleTimeMS=0, maintenanceInitialDelayMS=0, maintenanceFrequencyMS=60000, connectionPoolListeners=[io.micrometer.core.instrument.binder.mongodb.MongoMetricsConnectionPoolListener@5cca9fc4], maxConnecting=2}, serverSettings=ServerSettings{heartbeatFrequencyMS=10000, minHeartbeatFrequencyMS=500, serverListeners='[]', serverMonitorListeners='[]'}, sslSettings=SslSettings{enabled=false, invalidHostNameAllowed=false, context=null}, applicationName='null', compressorList=[], uuidRepresentation=JAVA_LEGACY, serverApi=null, autoEncryptionSettings=null, dnsClient=null, inetAddressResolver=null, contextProvider=null}
2024-11-25T11:28:39.175-03:00  INFO 4708 --- [ms-knowledgearea-and-subjects] [cluster-ClusterId{value='67448996150fc122c53d10fb', description='null'}-localhost:27017] org.mongodb.driver.cluster               : Monitor thread successfully connected to server with description ServerDescription{address=localhost:27017, type=STANDALONE, state=CONNECTED, ok=true, minWireVersion=0, maxWireVersion=21, maxDocumentSize=16777216, logicalSessionTimeoutMinutes=30, roundTripTimeNanos=62590399}
2024-11-25T11:28:39.624-03:00  INFO 4708 --- [ms-knowledgearea-and-subjects] [restartedMain] o.s.b.d.a.OptionalLiveReloadServer       : LiveReload server is running on port 35729
2024-11-25T11:28:50.908-03:00  WARN 4708 --- [ms-knowledgearea-and-subjects] [restartedMain] .s.s.UserDetailsServiceAutoConfiguration : 

Using generated security password: 86f94c82-9a27-454b-affb-a72b05d5c770

This generated password is for development use only. Your security configuration must be updated before running your application in production.

2024-11-25T11:28:51.028-03:00  INFO 4708 --- [ms-knowledgearea-and-subjects] [restartedMain] r$InitializeUserDetailsManagerConfigurer : Global AuthenticationManager configured with UserDetailsService bean with name inMemoryUserDetailsManager
2024-11-25T11:28:54.500-03:00  INFO 4708 --- [ms-knowledgearea-and-subjects] [restartedMain] o.s.b.a.e.web.EndpointLinksResolver      : Exposing 15 endpoints beneath base path '/actuator'
2024-11-25T11:28:58.143-03:00  INFO 4708 --- [ms-knowledgearea-and-subjects] [restartedMain] o.s.b.w.embedded.tomcat.TomcatWebServer  : Tomcat started on port 8080 (http) with context path '/'
2024-11-25T11:28:58.240-03:00  INFO 4708 --- [ms-knowledgearea-and-subjects] [restartedMain] b.c.r.knowledgearea_and_subjects.App     : Started App in 27.926 seconds (process running for 29.433)
2024-11-25T11:29:43.203-03:00  INFO 10260 --- [ms-knowledgearea-and-subjects] [restartedMain] b.c.r.knowledgearea_and_subjects.App     : Starting App using Java 17.0.12 with PID 10260 (C:\Users\acer\Desktop\Projetos\atividadeextensionista\microservices\ms-knowledgearea-and-subjects\target\classes started by acer in C:\Users\acer\Desktop\Projetos\atividadeextensionista\microservices\ms-knowledgearea-and-subjects)
2024-11-25T11:29:43.210-03:00  INFO 10260 --- [ms-knowledgearea-and-subjects] [restartedMain] b.c.r.knowledgearea_and_subjects.App     : The following 1 profile is active: "DEV"
2024-11-25T11:29:43.399-03:00  INFO 10260 --- [ms-knowledgearea-and-subjects] [restartedMain] .e.DevToolsPropertyDefaultsPostProcessor : Devtools property defaults active! Set 'spring.devtools.add-properties' to 'false' to disable
2024-11-25T11:29:43.400-03:00  INFO 10260 --- [ms-knowledgearea-and-subjects] [restartedMain] .e.DevToolsPropertyDefaultsPostProcessor : For additional web related logging consider setting the 'logging.level.web' property to 'DEBUG'
2024-11-25T11:29:45.930-03:00  INFO 10260 --- [ms-knowledgearea-and-subjects] [restartedMain] .s.d.r.c.RepositoryConfigurationDelegate : Bootstrapping Spring Data MongoDB repositories in DEFAULT mode.
2024-11-25T11:29:46.061-03:00  INFO 10260 --- [ms-knowledgearea-and-subjects] [restartedMain] .s.d.r.c.RepositoryConfigurationDelegate : Finished Spring Data repository scanning in 119 ms. Found 3 MongoDB repository interfaces.
2024-11-25T11:29:49.021-03:00  INFO 10260 --- [ms-knowledgearea-and-subjects] [restartedMain] o.s.b.w.embedded.tomcat.TomcatWebServer  : Tomcat initialized with port 8080 (http)
2024-11-25T11:29:49.051-03:00  INFO 10260 --- [ms-knowledgearea-and-subjects] [restartedMain] o.apache.catalina.core.StandardService   : Starting service [Tomcat]
2024-11-25T11:29:49.052-03:00  INFO 10260 --- [ms-knowledgearea-and-subjects] [restartedMain] o.apache.catalina.core.StandardEngine    : Starting Servlet engine: [Apache Tomcat/10.1.25]
2024-11-25T11:29:49.228-03:00  INFO 10260 --- [ms-knowledgearea-and-subjects] [restartedMain] o.a.c.c.C.[Tomcat].[localhost].[/]       : Initializing Spring embedded WebApplicationContext
2024-11-25T11:29:49.231-03:00  INFO 10260 --- [ms-knowledgearea-and-subjects] [restartedMain] w.s.c.ServletWebServerApplicationContext : Root WebApplicationContext: initialization completed in 5827 ms
2024-11-25T11:29:52.392-03:00  INFO 10260 --- [ms-knowledgearea-and-subjects] [cluster-ClusterId{value='674489e0a8a5616dd566417a', description='null'}-localhost:27017] org.mongodb.driver.cluster               : Monitor thread successfully connected to server with description ServerDescription{address=localhost:27017, type=STANDALONE, state=CONNECTED, ok=true, minWireVersion=0, maxWireVersion=21, maxDocumentSize=16777216, logicalSessionTimeoutMinutes=30, roundTripTimeNanos=90246400}
2024-11-25T11:29:52.395-03:00  INFO 10260 --- [ms-knowledgearea-and-subjects] [restartedMain] org.mongodb.driver.client                : MongoClient with metadata {"driver": {"name": "mongo-java-driver|sync|spring-boot", "version": "5.0.1"}, "os": {"type": "Windows", "name": "Windows 10", "architecture": "amd64", "version": "10.0"}, "platform": "Java/BellSoft/17.0.12+10-LTS"} created with settings MongoClientSettings{readPreference=primary, writeConcern=WriteConcern{w=null, wTimeout=null ms, journal=null}, retryWrites=true, retryReads=true, readConcern=ReadConcern{level=null}, credential=null, transportSettings=null, commandListeners=[io.micrometer.core.instrument.binder.mongodb.MongoMetricsCommandListener@41794286], codecRegistry=ProvidersCodecRegistry{codecProviders=[ValueCodecProvider{}, BsonValueCodecProvider{}, DBRefCodecProvider{}, DBObjectCodecProvider{}, DocumentCodecProvider{}, CollectionCodecProvider{}, IterableCodecProvider{}, MapCodecProvider{}, GeoJsonCodecProvider{}, GridFSFileCodecProvider{}, Jsr310CodecProvider{}, JsonObjectCodecProvider{}, BsonCodecProvider{}, EnumCodecProvider{}, com.mongodb.client.model.mql.ExpressionCodecProvider@4cde81, com.mongodb.Jep395RecordCodecProvider@48e57e76, com.mongodb.KotlinCodecProvider@494cffb5]}, loggerSettings=LoggerSettings{maxDocumentLength=1000}, clusterSettings={hosts=[localhost:27017], srvServiceName=mongodb, mode=SINGLE, requiredClusterType=UNKNOWN, requiredReplicaSetName='null', serverSelector='null', clusterListeners='[]', serverSelectionTimeout='30000 ms', localThreshold='15 ms'}, socketSettings=SocketSettings{connectTimeoutMS=10000, readTimeoutMS=0, receiveBufferSize=0, proxySettings=ProxySettings{host=null, port=null, username=null, password=null}}, heartbeatSocketSettings=SocketSettings{connectTimeoutMS=10000, readTimeoutMS=10000, receiveBufferSize=0, proxySettings=ProxySettings{host=null, port=null, username=null, password=null}}, connectionPoolSettings=ConnectionPoolSettings{maxSize=100, minSize=0, maxWaitTimeMS=120000, maxConnectionLifeTimeMS=0, maxConnectionIdleTimeMS=0, maintenanceInitialDelayMS=0, maintenanceFrequencyMS=60000, connectionPoolListeners=[io.micrometer.core.instrument.binder.mongodb.MongoMetricsConnectionPoolListener@422af968], maxConnecting=2}, serverSettings=ServerSettings{heartbeatFrequencyMS=10000, minHeartbeatFrequencyMS=500, serverListeners='[]', serverMonitorListeners='[]'}, sslSettings=SslSettings{enabled=false, invalidHostNameAllowed=false, context=null}, applicationName='null', compressorList=[], uuidRepresentation=JAVA_LEGACY, serverApi=null, autoEncryptionSettings=null, dnsClient=null, inetAddressResolver=null, contextProvider=null}
2024-11-25T11:29:52.951-03:00  INFO 10260 --- [ms-knowledgearea-and-subjects] [restartedMain] o.s.b.d.a.OptionalLiveReloadServer       : LiveReload server is running on port 35729
2024-11-25T11:30:02.281-03:00  WARN 10260 --- [ms-knowledgearea-and-subjects] [restartedMain] .s.s.UserDetailsServiceAutoConfiguration : 

Using generated security password: 8b2f9bf3-8405-485f-b54a-13964aee73f8

This generated password is for development use only. Your security configuration must be updated before running your application in production.

2024-11-25T11:30:02.336-03:00  INFO 10260 --- [ms-knowledgearea-and-subjects] [restartedMain] r$InitializeUserDetailsManagerConfigurer : Global AuthenticationManager configured with UserDetailsService bean with name inMemoryUserDetailsManager
2024-11-25T11:30:03.553-03:00  INFO 10260 --- [ms-knowledgearea-and-subjects] [restartedMain] o.s.b.a.e.web.EndpointLinksResolver      : Exposing 15 endpoints beneath base path '/actuator'
2024-11-25T11:30:04.609-03:00  INFO 10260 --- [ms-knowledgearea-and-subjects] [restartedMain] o.s.b.w.embedded.tomcat.TomcatWebServer  : Tomcat started on port 8080 (http) with context path '/'
2024-11-25T11:30:04.659-03:00  INFO 10260 --- [ms-knowledgearea-and-subjects] [restartedMain] b.c.r.knowledgearea_and_subjects.App     : Started App in 22.663 seconds (process running for 23.959)
2024-11-25T11:45:17.903-03:00  INFO 8696 --- [ms-knowledgearea-and-subjects] [restartedMain] b.c.r.knowledgearea_and_subjects.App     : Starting App using Java 17.0.12 with PID 8696 (C:\Users\acer\Desktop\Projetos\atividadeextensionista\microservices\ms-knowledgearea-and-subjects\target\classes started by acer in C:\Users\acer\Desktop\Projetos\atividadeextensionista\microservices\ms-knowledgearea-and-subjects)
2024-11-25T11:45:17.910-03:00  INFO 8696 --- [ms-knowledgearea-and-subjects] [restartedMain] b.c.r.knowledgearea_and_subjects.App     : The following 1 profile is active: "DEV"
2024-11-25T11:45:18.117-03:00  INFO 8696 --- [ms-knowledgearea-and-subjects] [restartedMain] .e.DevToolsPropertyDefaultsPostProcessor : Devtools property defaults active! Set 'spring.devtools.add-properties' to 'false' to disable
2024-11-25T11:45:18.117-03:00  INFO 8696 --- [ms-knowledgearea-and-subjects] [restartedMain] .e.DevToolsPropertyDefaultsPostProcessor : For additional web related logging consider setting the 'logging.level.web' property to 'DEBUG'
2024-11-25T11:45:22.558-03:00  INFO 8696 --- [ms-knowledgearea-and-subjects] [restartedMain] .s.d.r.c.RepositoryConfigurationDelegate : Bootstrapping Spring Data MongoDB repositories in DEFAULT mode.
2024-11-25T11:45:22.723-03:00  INFO 8696 --- [ms-knowledgearea-and-subjects] [restartedMain] .s.d.r.c.RepositoryConfigurationDelegate : Finished Spring Data repository scanning in 155 ms. Found 3 MongoDB repository interfaces.
2024-11-25T11:45:26.776-03:00  INFO 8696 --- [ms-knowledgearea-and-subjects] [restartedMain] o.s.b.w.embedded.tomcat.TomcatWebServer  : Tomcat initialized with port 8080 (http)
2024-11-25T11:45:26.812-03:00  INFO 8696 --- [ms-knowledgearea-and-subjects] [restartedMain] o.apache.catalina.core.StandardService   : Starting service [Tomcat]
2024-11-25T11:45:26.813-03:00  INFO 8696 --- [ms-knowledgearea-and-subjects] [restartedMain] o.apache.catalina.core.StandardEngine    : Starting Servlet engine: [Apache Tomcat/10.1.25]
2024-11-25T11:45:27.496-03:00  INFO 8696 --- [ms-knowledgearea-and-subjects] [restartedMain] o.a.c.c.C.[Tomcat].[localhost].[/]       : Initializing Spring embedded WebApplicationContext
2024-11-25T11:45:27.502-03:00  INFO 8696 --- [ms-knowledgearea-and-subjects] [restartedMain] w.s.c.ServletWebServerApplicationContext : Root WebApplicationContext: initialization completed in 9380 ms
2024-11-25T11:45:29.332-03:00  INFO 8696 --- [ms-knowledgearea-and-subjects] [restartedMain] org.mongodb.driver.client                : MongoClient with metadata {"driver": {"name": "mongo-java-driver|sync|spring-boot", "version": "5.0.1"}, "os": {"type": "Windows", "name": "Windows 10", "architecture": "amd64", "version": "10.0"}, "platform": "Java/BellSoft/17.0.12+10-LTS"} created with settings MongoClientSettings{readPreference=primary, writeConcern=WriteConcern{w=null, wTimeout=null ms, journal=null}, retryWrites=true, retryReads=true, readConcern=ReadConcern{level=null}, credential=null, transportSettings=null, commandListeners=[io.micrometer.core.instrument.binder.mongodb.MongoMetricsCommandListener@7c12f34d], codecRegistry=ProvidersCodecRegistry{codecProviders=[ValueCodecProvider{}, BsonValueCodecProvider{}, DBRefCodecProvider{}, DBObjectCodecProvider{}, DocumentCodecProvider{}, CollectionCodecProvider{}, IterableCodecProvider{}, MapCodecProvider{}, GeoJsonCodecProvider{}, GridFSFileCodecProvider{}, Jsr310CodecProvider{}, JsonObjectCodecProvider{}, BsonCodecProvider{}, EnumCodecProvider{}, com.mongodb.client.model.mql.ExpressionCodecProvider@4e8933f2, com.mongodb.Jep395RecordCodecProvider@187450b5, com.mongodb.KotlinCodecProvider@27fb34]}, loggerSettings=LoggerSettings{maxDocumentLength=1000}, clusterSettings={hosts=[localhost:27017], srvServiceName=mongodb, mode=SINGLE, requiredClusterType=UNKNOWN, requiredReplicaSetName='null', serverSelector='null', clusterListeners='[]', serverSelectionTimeout='30000 ms', localThreshold='15 ms'}, socketSettings=SocketSettings{connectTimeoutMS=10000, readTimeoutMS=0, receiveBufferSize=0, proxySettings=ProxySettings{host=null, port=null, username=null, password=null}}, heartbeatSocketSettings=SocketSettings{connectTimeoutMS=10000, readTimeoutMS=10000, receiveBufferSize=0, proxySettings=ProxySettings{host=null, port=null, username=null, password=null}}, connectionPoolSettings=ConnectionPoolSettings{maxSize=100, minSize=0, maxWaitTimeMS=120000, maxConnectionLifeTimeMS=0, maxConnectionIdleTimeMS=0, maintenanceInitialDelayMS=0, maintenanceFrequencyMS=60000, connectionPoolListeners=[io.micrometer.core.instrument.binder.mongodb.MongoMetricsConnectionPoolListener@6bc4f8e6], maxConnecting=2}, serverSettings=ServerSettings{heartbeatFrequencyMS=10000, minHeartbeatFrequencyMS=500, serverListeners='[]', serverMonitorListeners='[]'}, sslSettings=SslSettings{enabled=false, invalidHostNameAllowed=false, context=null}, applicationName='null', compressorList=[], uuidRepresentation=JAVA_LEGACY, serverApi=null, autoEncryptionSettings=null, dnsClient=null, inetAddressResolver=null, contextProvider=null}
2024-11-25T11:45:29.365-03:00  INFO 8696 --- [ms-knowledgearea-and-subjects] [cluster-ClusterId{value='67448d89d76f2c36e9462a21', description='null'}-localhost:27017] org.mongodb.driver.cluster               : Monitor thread successfully connected to server with description ServerDescription{address=localhost:27017, type=STANDALONE, state=CONNECTED, ok=true, minWireVersion=0, maxWireVersion=21, maxDocumentSize=16777216, logicalSessionTimeoutMinutes=30, roundTripTimeNanos=51074800}
2024-11-25T11:45:29.845-03:00  INFO 8696 --- [ms-knowledgearea-and-subjects] [restartedMain] o.s.b.d.a.OptionalLiveReloadServer       : LiveReload server is running on port 35729
2024-11-25T11:45:45.259-03:00  WARN 8696 --- [ms-knowledgearea-and-subjects] [restartedMain] .s.s.UserDetailsServiceAutoConfiguration : 

Using generated security password: e4099d61-9db9-4e78-bc6c-8a5cfc772649

This generated password is for development use only. Your security configuration must be updated before running your application in production.

2024-11-25T11:45:45.343-03:00  INFO 8696 --- [ms-knowledgearea-and-subjects] [restartedMain] r$InitializeUserDetailsManagerConfigurer : Global AuthenticationManager configured with UserDetailsService bean with name inMemoryUserDetailsManager
2024-11-25T11:45:46.870-03:00  INFO 8696 --- [ms-knowledgearea-and-subjects] [restartedMain] o.s.b.a.e.web.EndpointLinksResolver      : Exposing 15 endpoints beneath base path '/actuator'
2024-11-25T11:45:48.316-03:00  INFO 8696 --- [ms-knowledgearea-and-subjects] [restartedMain] o.s.b.w.embedded.tomcat.TomcatWebServer  : Tomcat started on port 8080 (http) with context path '/'
2024-11-25T11:45:48.385-03:00  INFO 8696 --- [ms-knowledgearea-and-subjects] [restartedMain] b.c.r.knowledgearea_and_subjects.App     : Started App in 32.717 seconds (process running for 35.106)
