2024-08-07T09:47:25.265-03:00  INFO 2756 --- [crud_users_and_auth] [restartedMain] b.c.r.c.CrudUsersAndAuthApplication      : Starting CrudUsersAndAuthApplication using Java 17.0.12 with PID 2756 (C:\Users\acer\Desktop\Projetos\atividadeextensionista\microservices\ms-register-and-auth\target\classes started by acer in C:\Users\acer\Desktop\Projetos\atividadeextensionista\microservices\ms-register-and-auth)
2024-08-07T09:47:25.280-03:00  INFO 2756 --- [crud_users_and_auth] [restartedMain] b.c.r.c.CrudUsersAndAuthApplication      : The following 1 profile is active: "DEV"
2024-08-07T09:47:25.587-03:00  INFO 2756 --- [crud_users_and_auth] [restartedMain] .e.DevToolsPropertyDefaultsPostProcessor : Devtools property defaults active! Set 'spring.devtools.add-properties' to 'false' to disable
2024-08-07T09:47:25.620-03:00  INFO 2756 --- [crud_users_and_auth] [restartedMain] .e.DevToolsPropertyDefaultsPostProcessor : For additional web related logging consider setting the 'logging.level.web' property to 'DEBUG'
2024-08-07T09:47:29.831-03:00  INFO 2756 --- [crud_users_and_auth] [restartedMain] .s.d.r.c.RepositoryConfigurationDelegate : Bootstrapping Spring Data MongoDB repositories in DEFAULT mode.
2024-08-07T09:47:29.918-03:00  INFO 2756 --- [crud_users_and_auth] [restartedMain] .s.d.r.c.RepositoryConfigurationDelegate : Finished Spring Data repository scanning in 76 ms. Found 4 MongoDB repository interfaces.
2024-08-07T09:47:33.377-03:00  INFO 2756 --- [crud_users_and_auth] [restartedMain] o.s.b.w.embedded.tomcat.TomcatWebServer  : Tomcat initialized with port 8080 (http)
2024-08-07T09:47:33.417-03:00  INFO 2756 --- [crud_users_and_auth] [restartedMain] o.apache.catalina.core.StandardService   : Starting service [Tomcat]
2024-08-07T09:47:33.418-03:00  INFO 2756 --- [crud_users_and_auth] [restartedMain] o.apache.catalina.core.StandardEngine    : Starting Servlet engine: [Apache Tomcat/10.1.25]
2024-08-07T09:47:33.645-03:00  INFO 2756 --- [crud_users_and_auth] [restartedMain] o.a.c.c.C.[Tomcat].[localhost].[/]       : Initializing Spring embedded WebApplicationContext
2024-08-07T09:47:33.646-03:00  INFO 2756 --- [crud_users_and_auth] [restartedMain] w.s.c.ServletWebServerApplicationContext : Root WebApplicationContext: initialization completed in 8017 ms
2024-08-07T09:47:35.147-03:00  INFO 2756 --- [crud_users_and_auth] [restartedMain] org.mongodb.driver.client                : MongoClient with metadata {"driver": {"name": "mongo-java-driver|sync|spring-boot", "version": "5.0.1"}, "os": {"type": "Windows", "name": "Windows 10", "architecture": "amd64", "version": "10.0"}, "platform": "Java/BellSoft/17.0.12+10-LTS"} created with settings MongoClientSettings{readPreference=primary, writeConcern=WriteConcern{w=null, wTimeout=null ms, journal=null}, retryWrites=true, retryReads=true, readConcern=ReadConcern{level=null}, credential=null, transportSettings=null, commandListeners=[io.micrometer.core.instrument.binder.mongodb.MongoMetricsCommandListener@401feebb], codecRegistry=ProvidersCodecRegistry{codecProviders=[ValueCodecProvider{}, BsonValueCodecProvider{}, DBRefCodecProvider{}, DBObjectCodecProvider{}, DocumentCodecProvider{}, CollectionCodecProvider{}, IterableCodecProvider{}, MapCodecProvider{}, GeoJsonCodecProvider{}, GridFSFileCodecProvider{}, Jsr310CodecProvider{}, JsonObjectCodecProvider{}, BsonCodecProvider{}, EnumCodecProvider{}, com.mongodb.client.model.mql.ExpressionCodecProvider@4b429964, com.mongodb.Jep395RecordCodecProvider@47a34efc, com.mongodb.KotlinCodecProvider@980eb37]}, loggerSettings=LoggerSettings{maxDocumentLength=1000}, clusterSettings={hosts=[localhost:27017], srvServiceName=mongodb, mode=SINGLE, requiredClusterType=UNKNOWN, requiredReplicaSetName='null', serverSelector='null', clusterListeners='[]', serverSelectionTimeout='30000 ms', localThreshold='15 ms'}, socketSettings=SocketSettings{connectTimeoutMS=10000, readTimeoutMS=0, receiveBufferSize=0, proxySettings=ProxySettings{host=null, port=null, username=null, password=null}}, heartbeatSocketSettings=SocketSettings{connectTimeoutMS=10000, readTimeoutMS=10000, receiveBufferSize=0, proxySettings=ProxySettings{host=null, port=null, username=null, password=null}}, connectionPoolSettings=ConnectionPoolSettings{maxSize=100, minSize=0, maxWaitTimeMS=120000, maxConnectionLifeTimeMS=0, maxConnectionIdleTimeMS=0, maintenanceInitialDelayMS=0, maintenanceFrequencyMS=60000, connectionPoolListeners=[io.micrometer.core.instrument.binder.mongodb.MongoMetricsConnectionPoolListener@3655a68a], maxConnecting=2}, serverSettings=ServerSettings{heartbeatFrequencyMS=10000, minHeartbeatFrequencyMS=500, serverListeners='[]', serverMonitorListeners='[]'}, sslSettings=SslSettings{enabled=false, invalidHostNameAllowed=false, context=null}, applicationName='null', compressorList=[], uuidRepresentation=JAVA_LEGACY, serverApi=null, autoEncryptionSettings=null, dnsClient=null, inetAddressResolver=null, contextProvider=null}
2024-08-07T09:47:35.335-03:00  INFO 2756 --- [crud_users_and_auth] [cluster-ClusterId{value='66b36ce63786b5452027c88b', description='null'}-localhost:27017] org.mongodb.driver.cluster               : Monitor thread successfully connected to server with description ServerDescription{address=localhost:27017, type=STANDALONE, state=CONNECTED, ok=true, minWireVersion=0, maxWireVersion=21, maxDocumentSize=16777216, logicalSessionTimeoutMinutes=30, roundTripTimeNanos=113514500}
2024-08-07T09:47:38.851-03:00  INFO 2756 --- [crud_users_and_auth] [restartedMain] o.s.b.d.a.OptionalLiveReloadServer       : LiveReload server is running on port 35729
2024-08-07T09:47:40.583-03:00  INFO 2756 --- [crud_users_and_auth] [restartedMain] eAuthenticationProviderManagerConfigurer : Global AuthenticationManager configured with AuthenticationProvider bean with name authenticationProvider
2024-08-07T09:47:40.586-03:00  WARN 2756 --- [crud_users_and_auth] [restartedMain] r$InitializeUserDetailsManagerConfigurer : Global AuthenticationManager configured with an AuthenticationProvider bean. UserDetailsService beans will not be used for username/password login. Consider removing the AuthenticationProvider bean. Alternatively, consider using the UserDetailsService in a manually instantiated DaoAuthenticationProvider.
2024-08-07T09:47:47.965-03:00  INFO 2756 --- [crud_users_and_auth] [restartedMain] o.s.b.a.e.web.EndpointLinksResolver      : Exposing 15 endpoints beneath base path '/actuator'
2024-08-07T09:47:51.973-03:00  INFO 2756 --- [crud_users_and_auth] [restartedMain] o.s.b.w.embedded.tomcat.TomcatWebServer  : Tomcat started on port 8080 (http) with context path '/'
2024-08-07T09:47:52.175-03:00  INFO 2756 --- [crud_users_and_auth] [restartedMain] b.c.r.c.CrudUsersAndAuthApplication      : Started CrudUsersAndAuthApplication in 28.111 seconds (process running for 36.752)
2024-08-07T09:48:10.493-03:00  INFO 2756 --- [crud_users_and_auth] [http-nio-8080-exec-1] o.a.c.c.C.[Tomcat].[localhost].[/]       : Initializing Spring DispatcherServlet 'dispatcherServlet'
2024-08-07T09:48:10.494-03:00  INFO 2756 --- [crud_users_and_auth] [http-nio-8080-exec-1] o.s.web.servlet.DispatcherServlet        : Initializing Servlet 'dispatcherServlet'
2024-08-07T09:48:10.497-03:00  INFO 2756 --- [crud_users_and_auth] [http-nio-8080-exec-1] o.s.web.servlet.DispatcherServlet        : Completed initialization in 2 ms
2024-08-07T09:48:11.101-03:00  INFO 2756 --- [crud_users_and_auth] [http-nio-8080-exec-2] b.c.r.c.c.RegisterAndAuthController      : 0:0:0:0:0:0:0:1 is trying to authenticate
2024-08-07T09:48:11.931-03:00  INFO 2756 --- [crud_users_and_auth] [http-nio-8080-exec-2] b.c.r.c.c.RegisterAndAuthController      : 0:0:0:0:0:0:0:1 is successfully authenticated
2024-08-07T10:07:40.252-03:00  INFO 2756 --- [crud_users_and_auth] [http-nio-8080-exec-4] b.c.r.c.c.RegisterAndAuthController      : 0:0:0:0:0:0:0:1 is trying to authenticate
2024-08-07T10:07:40.372-03:00  INFO 2756 --- [crud_users_and_auth] [http-nio-8080-exec-4] b.c.r.c.c.RegisterAndAuthController      : 0:0:0:0:0:0:0:1 is successfully authenticated
2024-08-07T10:08:44.735-03:00  INFO 2756 --- [crud_users_and_auth] [http-nio-8080-exec-6] b.c.r.c.c.RegisterAndAuthController      : 0:0:0:0:0:0:0:1 is trying to authenticate
2024-08-07T10:08:44.858-03:00  INFO 2756 --- [crud_users_and_auth] [http-nio-8080-exec-6] b.c.r.c.c.RegisterAndAuthController      : 0:0:0:0:0:0:0:1 is successfully authenticated
2024-08-07T10:18:39.861-03:00  INFO 2756 --- [crud_users_and_auth] [http-nio-8080-exec-9] b.c.r.c.c.RegisterAndAuthController      : 0:0:0:0:0:0:0:1 is trying to authenticate
2024-08-07T10:18:39.979-03:00  INFO 2756 --- [crud_users_and_auth] [http-nio-8080-exec-9] b.c.r.c.c.RegisterAndAuthController      : 0:0:0:0:0:0:0:1 is successfully authenticated
2024-08-07T10:24:57.372-03:00  INFO 2756 --- [crud_users_and_auth] [http-nio-8080-exec-1] b.c.r.c.c.RegisterAndAuthController      : 0:0:0:0:0:0:0:1 is trying to authenticate
2024-08-07T10:24:57.493-03:00  INFO 2756 --- [crud_users_and_auth] [http-nio-8080-exec-1] b.c.r.c.c.RegisterAndAuthController      : 0:0:0:0:0:0:0:1 is successfully authenticated
2024-08-07T10:25:44.034-03:00  INFO 2756 --- [crud_users_and_auth] [http-nio-8080-exec-2] b.c.r.c.c.RegisterAndAuthController      : 0:0:0:0:0:0:0:1 is trying to authenticate
2024-08-07T10:25:44.150-03:00  INFO 2756 --- [crud_users_and_auth] [http-nio-8080-exec-2] b.c.r.c.c.RegisterAndAuthController      : 0:0:0:0:0:0:0:1 is successfully authenticated
2024-08-07T11:12:53.105-03:00  INFO 2756 --- [crud_users_and_auth] [http-nio-8080-exec-5] b.c.r.c.c.RegisterAndAuthController      : 0:0:0:0:0:0:0:1 is trying to authenticate
2024-08-07T11:12:53.228-03:00  INFO 2756 --- [crud_users_and_auth] [http-nio-8080-exec-5] b.c.r.c.c.RegisterAndAuthController      : 0:0:0:0:0:0:0:1 is successfully authenticated
2024-08-07T16:15:31.440-03:00  INFO 2756 --- [crud_users_and_auth] [http-nio-8080-exec-8] b.c.r.c.c.RegisterAndAuthController      : 0:0:0:0:0:0:0:1 is trying to authenticate
2024-08-07T16:15:31.603-03:00  INFO 2756 --- [crud_users_and_auth] [http-nio-8080-exec-8] b.c.r.c.c.RegisterAndAuthController      : 0:0:0:0:0:0:0:1 is successfully authenticated
2024-08-07T16:16:42.199-03:00  INFO 2756 --- [crud_users_and_auth] [http-nio-8080-exec-10] b.c.r.c.c.RegisterAndAuthController      : 0:0:0:0:0:0:0:1 is trying to authenticate
2024-08-07T16:16:42.320-03:00  INFO 2756 --- [crud_users_and_auth] [http-nio-8080-exec-10] b.c.r.c.c.RegisterAndAuthController      : 0:0:0:0:0:0:0:1 is successfully authenticated
2024-08-07T16:16:53.929-03:00  INFO 2756 --- [crud_users_and_auth] [http-nio-8080-exec-1] b.c.r.c.c.RegisterAndAuthController      : 0:0:0:0:0:0:0:1 is trying to authenticate
2024-08-07T16:16:54.045-03:00  INFO 2756 --- [crud_users_and_auth] [http-nio-8080-exec-1] b.c.r.c.c.RegisterAndAuthController      : 0:0:0:0:0:0:0:1 is successfully authenticated
2024-08-07T16:18:11.845-03:00  INFO 2756 --- [crud_users_and_auth] [http-nio-8080-exec-3] b.c.r.c.c.RegisterAndAuthController      : 0:0:0:0:0:0:0:1 is trying to authenticate
2024-08-07T16:18:11.961-03:00  INFO 2756 --- [crud_users_and_auth] [http-nio-8080-exec-3] b.c.r.c.c.RegisterAndAuthController      : 0:0:0:0:0:0:0:1 is successfully authenticated
2024-08-07T16:18:35.688-03:00  INFO 2756 --- [crud_users_and_auth] [http-nio-8080-exec-4] b.c.r.c.c.RegisterAndAuthController      : 0:0:0:0:0:0:0:1 is trying to authenticate
2024-08-07T16:18:35.798-03:00  INFO 2756 --- [crud_users_and_auth] [http-nio-8080-exec-4] b.c.r.c.c.RegisterAndAuthController      : 0:0:0:0:0:0:0:1 is successfully authenticated
2024-08-07T16:18:43.831-03:00  INFO 2756 --- [crud_users_and_auth] [http-nio-8080-exec-5] b.c.r.c.c.RegisterAndAuthController      : 0:0:0:0:0:0:0:1 is trying to authenticate
2024-08-07T16:18:43.947-03:00  INFO 2756 --- [crud_users_and_auth] [http-nio-8080-exec-5] b.c.r.c.c.RegisterAndAuthController      : 0:0:0:0:0:0:0:1 is successfully authenticated
2024-08-07T16:18:48.402-03:00  INFO 2756 --- [crud_users_and_auth] [http-nio-8080-exec-6] b.c.r.c.c.RegisterAndAuthController      : 0:0:0:0:0:0:0:1 is trying to authenticate
2024-08-07T16:18:48.516-03:00  INFO 2756 --- [crud_users_and_auth] [http-nio-8080-exec-6] b.c.r.c.c.RegisterAndAuthController      : 0:0:0:0:0:0:0:1 is successfully authenticated
2024-08-07T16:19:05.825-03:00  INFO 2756 --- [crud_users_and_auth] [http-nio-8080-exec-7] b.c.r.c.c.RegisterAndAuthController      : 0:0:0:0:0:0:0:1 is trying to authenticate
2024-08-07T16:19:05.942-03:00  INFO 2756 --- [crud_users_and_auth] [http-nio-8080-exec-7] b.c.r.c.c.RegisterAndAuthController      : 0:0:0:0:0:0:0:1 is successfully authenticated
2024-08-07T16:48:00.854-03:00  INFO 2756 --- [crud_users_and_auth] [http-nio-8080-exec-7] o.springdoc.api.AbstractOpenApiResource  : Init duration for springdoc-openapi is: 1561 ms
