2024-07-26T13:05:06.400-03:00  INFO 5532 --- [crud_users_and_auth] [restartedMain] b.c.r.c.CrudUsersAndAuthApplication      : Starting CrudUsersAndAuthApplication using Java 22.0.1 with PID 5532 (C:\Users\acer\Desktop\Projetos\atividadeextensionista\microservices\ms-registry-and-auth\target\classes started by acer in C:\Users\acer\Desktop\Projetos\atividadeextensionista\microservices\ms-registry-and-auth)
2024-07-26T13:05:06.443-03:00  INFO 5532 --- [crud_users_and_auth] [restartedMain] b.c.r.c.CrudUsersAndAuthApplication      : The following 1 profile is active: "DEV"
2024-07-26T13:05:06.685-03:00  INFO 5532 --- [crud_users_and_auth] [restartedMain] .e.DevToolsPropertyDefaultsPostProcessor : Devtools property defaults active! Set 'spring.devtools.add-properties' to 'false' to disable
2024-07-26T13:05:06.690-03:00  INFO 5532 --- [crud_users_and_auth] [restartedMain] .e.DevToolsPropertyDefaultsPostProcessor : For additional web related logging consider setting the 'logging.level.web' property to 'DEBUG'
2024-07-26T13:05:13.420-03:00  INFO 5532 --- [crud_users_and_auth] [restartedMain] .s.d.r.c.RepositoryConfigurationDelegate : Bootstrapping Spring Data JPA repositories in DEFAULT mode.
2024-07-26T13:05:13.681-03:00  INFO 5532 --- [crud_users_and_auth] [restartedMain] .s.d.r.c.RepositoryConfigurationDelegate : Finished Spring Data repository scanning in 226 ms. Found 2 JPA repository interfaces.
2024-07-26T13:05:17.607-03:00  INFO 5532 --- [crud_users_and_auth] [restartedMain] o.s.b.w.embedded.tomcat.TomcatWebServer  : Tomcat initialized with port 8080 (http)
2024-07-26T13:05:17.672-03:00  INFO 5532 --- [crud_users_and_auth] [restartedMain] o.apache.catalina.core.StandardService   : Starting service [Tomcat]
2024-07-26T13:05:17.675-03:00  INFO 5532 --- [crud_users_and_auth] [restartedMain] o.apache.catalina.core.StandardEngine    : Starting Servlet engine: [Apache Tomcat/10.1.25]
2024-07-26T13:05:17.881-03:00  INFO 5532 --- [crud_users_and_auth] [restartedMain] o.a.c.c.C.[Tomcat].[localhost].[/]       : Initializing Spring embedded WebApplicationContext
2024-07-26T13:05:17.882-03:00  INFO 5532 --- [crud_users_and_auth] [restartedMain] w.s.c.ServletWebServerApplicationContext : Root WebApplicationContext: initialization completed in 11190 ms
2024-07-26T13:05:18.506-03:00  INFO 5532 --- [crud_users_and_auth] [restartedMain] com.zaxxer.hikari.HikariDataSource       : HikariPool-1 - Starting...
2024-07-26T13:05:19.328-03:00  INFO 5532 --- [crud_users_and_auth] [restartedMain] com.zaxxer.hikari.pool.HikariPool        : HikariPool-1 - Added connection conn0: url=jdbc:h2:mem:devdb user=SA
2024-07-26T13:05:19.331-03:00  INFO 5532 --- [crud_users_and_auth] [restartedMain] com.zaxxer.hikari.HikariDataSource       : HikariPool-1 - Start completed.
2024-07-26T13:05:19.355-03:00  INFO 5532 --- [crud_users_and_auth] [restartedMain] o.s.b.a.h2.H2ConsoleAutoConfiguration    : H2 console available at '/h2'. Database available at 'jdbc:h2:mem:devdb'
2024-07-26T13:05:20.355-03:00  INFO 5532 --- [crud_users_and_auth] [restartedMain] o.hibernate.jpa.internal.util.LogHelper  : HHH000204: Processing PersistenceUnitInfo [name: default]
2024-07-26T13:05:21.026-03:00  INFO 5532 --- [crud_users_and_auth] [restartedMain] org.hibernate.Version                    : HHH000412: Hibernate ORM core version 6.5.2.Final
2024-07-26T13:05:21.341-03:00  INFO 5532 --- [crud_users_and_auth] [restartedMain] o.h.c.internal.RegionFactoryInitiator    : HHH000026: Second-level cache disabled
2024-07-26T13:05:23.818-03:00  INFO 5532 --- [crud_users_and_auth] [restartedMain] o.s.o.j.p.SpringPersistenceUnitInfo      : No LoadTimeWeaver setup: ignoring JPA class transformer
2024-07-26T13:05:23.957-03:00  WARN 5532 --- [crud_users_and_auth] [restartedMain] org.hibernate.orm.deprecation            : HHH90000025: H2Dialect does not need to be specified explicitly using 'hibernate.dialect' (remove the property setting and it will be selected by default)
2024-07-26T13:05:26.819-03:00  INFO 5532 --- [crud_users_and_auth] [restartedMain] o.h.m.i.EntityInstantiatorPojoStandard   : HHH000182: No default (no-argument) constructor for class: br.com.rufuziu.crud_users_and_auth.entity.FailedMail (class must be instantiated by Interceptor)
2024-07-26T13:05:27.274-03:00  INFO 5532 --- [crud_users_and_auth] [restartedMain] o.h.e.t.j.p.i.JtaPlatformInitiator       : HHH000489: No JTA platform available (set 'hibernate.transaction.jta.platform' to enable JTA platform integration)
2024-07-26T13:05:27.389-03:00  INFO 5532 --- [crud_users_and_auth] [restartedMain] j.LocalContainerEntityManagerFactoryBean : Initialized JPA EntityManagerFactory for persistence unit 'default'
2024-07-26T13:05:28.562-03:00  INFO 5532 --- [crud_users_and_auth] [restartedMain] o.s.d.j.r.query.QueryEnhancerFactory     : Hibernate is in classpath; If applicable, HQL parser will be used.
2024-07-26T13:05:30.615-03:00  INFO 5532 --- [crud_users_and_auth] [restartedMain] eAuthenticationProviderManagerConfigurer : Global AuthenticationManager configured with AuthenticationProvider bean with name authenticationProvider
2024-07-26T13:05:30.617-03:00  WARN 5532 --- [crud_users_and_auth] [restartedMain] r$InitializeUserDetailsManagerConfigurer : Global AuthenticationManager configured with an AuthenticationProvider bean. UserDetailsService beans will not be used for username/password login. Consider removing the AuthenticationProvider bean. Alternatively, consider using the UserDetailsService in a manually instantiated DaoAuthenticationProvider.
2024-07-26T13:05:32.927-03:00  INFO 5532 --- [crud_users_and_auth] [restartedMain] o.s.b.a.e.web.EndpointLinksResolver      : Exposing 15 endpoints beneath base path '/actuator'
2024-07-26T13:05:36.102-03:00  INFO 5532 --- [crud_users_and_auth] [restartedMain] o.s.b.d.a.OptionalLiveReloadServer       : LiveReload server is running on port 35729
2024-07-26T13:05:36.413-03:00  INFO 5532 --- [crud_users_and_auth] [restartedMain] o.s.b.w.embedded.tomcat.TomcatWebServer  : Tomcat started on port 8080 (http) with context path '/'
2024-07-26T13:05:36.477-03:00  INFO 5532 --- [crud_users_and_auth] [restartedMain] b.c.r.c.CrudUsersAndAuthApplication      : Started CrudUsersAndAuthApplication in 32.111 seconds (process running for 36.304)
2024-07-26T13:08:33.097-03:00  INFO 5532 --- [crud_users_and_auth] [http-nio-8080-exec-1] o.a.c.c.C.[Tomcat].[localhost].[/]       : Initializing Spring DispatcherServlet 'dispatcherServlet'
2024-07-26T13:08:33.098-03:00  INFO 5532 --- [crud_users_and_auth] [http-nio-8080-exec-1] o.s.web.servlet.DispatcherServlet        : Initializing Servlet 'dispatcherServlet'
2024-07-26T13:08:33.101-03:00  INFO 5532 --- [crud_users_and_auth] [http-nio-8080-exec-1] o.s.web.servlet.DispatcherServlet        : Completed initialization in 3 ms
2024-07-26T13:14:21.037-03:00  INFO 5532 --- [crud_users_and_auth] [http-nio-8080-exec-2] o.springdoc.api.AbstractOpenApiResource  : Init duration for springdoc-openapi is: 533 ms
2024-07-26T15:08:30.331-03:00  WARN 5532 --- [crud_users_and_auth] [HikariPool-1 housekeeper] com.zaxxer.hikari.pool.HikariPool        : HikariPool-1 - Thread starvation or clock leap detected (housekeeper delta=1h18m10s109ms279µs300ns).
2024-07-26T16:26:44.040-03:00  INFO 5532 --- [crud_users_and_auth] [SpringApplicationShutdownHook] j.LocalContainerEntityManagerFactoryBean : Closing JPA EntityManagerFactory for persistence unit 'default'
2024-07-26T16:26:44.054-03:00  WARN 5532 --- [crud_users_and_auth] [SpringApplicationShutdownHook] o.s.b.f.support.DisposableBeanAdapter    : Invocation of destroy method failed on bean with name 'inMemoryDatabaseShutdownExecutor': org.h2.jdbc.JdbcSQLNonTransientConnectionException: Database is already closed (to disable automatic closing at VM shutdown, add ";DB_CLOSE_ON_EXIT=FALSE" to the db URL) [90121-224]
2024-07-26T16:26:44.056-03:00  INFO 5532 --- [crud_users_and_auth] [SpringApplicationShutdownHook] com.zaxxer.hikari.HikariDataSource       : HikariPool-1 - Shutdown initiated...
2024-07-26T16:26:44.066-03:00  INFO 5532 --- [crud_users_and_auth] [SpringApplicationShutdownHook] com.zaxxer.hikari.HikariDataSource       : HikariPool-1 - Shutdown completed.
2024-07-26T16:33:00.705-03:00  INFO 11060 --- [crud_users_and_auth] [restartedMain] b.c.r.c.CrudUsersAndAuthApplication      : Starting CrudUsersAndAuthApplication using Java 22.0.1 with PID 11060 (C:\Users\acer\Desktop\Projetos\atividadeextensionista\microservices\ms-registry-and-auth\target\classes started by acer in C:\Users\acer\Desktop\Projetos\atividadeextensionista\microservices\ms-registry-and-auth)
2024-07-26T16:33:00.709-03:00  INFO 11060 --- [crud_users_and_auth] [restartedMain] b.c.r.c.CrudUsersAndAuthApplication      : The following 1 profile is active: "DEV"
2024-07-26T16:33:00.801-03:00  INFO 11060 --- [crud_users_and_auth] [restartedMain] .e.DevToolsPropertyDefaultsPostProcessor : Devtools property defaults active! Set 'spring.devtools.add-properties' to 'false' to disable
2024-07-26T16:33:00.802-03:00  INFO 11060 --- [crud_users_and_auth] [restartedMain] .e.DevToolsPropertyDefaultsPostProcessor : For additional web related logging consider setting the 'logging.level.web' property to 'DEBUG'
2024-07-26T16:33:03.571-03:00  INFO 11060 --- [crud_users_and_auth] [restartedMain] .s.d.r.c.RepositoryConfigurationDelegate : Bootstrapping Spring Data JPA repositories in DEFAULT mode.
2024-07-26T16:33:03.696-03:00  INFO 11060 --- [crud_users_and_auth] [restartedMain] .s.d.r.c.RepositoryConfigurationDelegate : Finished Spring Data repository scanning in 102 ms. Found 2 JPA repository interfaces.
2024-07-26T16:33:05.506-03:00  INFO 11060 --- [crud_users_and_auth] [restartedMain] o.s.b.w.embedded.tomcat.TomcatWebServer  : Tomcat initialized with port 8080 (http)
2024-07-26T16:33:05.525-03:00  INFO 11060 --- [crud_users_and_auth] [restartedMain] o.apache.catalina.core.StandardService   : Starting service [Tomcat]
2024-07-26T16:33:05.526-03:00  INFO 11060 --- [crud_users_and_auth] [restartedMain] o.apache.catalina.core.StandardEngine    : Starting Servlet engine: [Apache Tomcat/10.1.25]
2024-07-26T16:33:05.627-03:00  INFO 11060 --- [crud_users_and_auth] [restartedMain] o.a.c.c.C.[Tomcat].[localhost].[/]       : Initializing Spring embedded WebApplicationContext
2024-07-26T16:33:05.628-03:00  INFO 11060 --- [crud_users_and_auth] [restartedMain] w.s.c.ServletWebServerApplicationContext : Root WebApplicationContext: initialization completed in 4825 ms
2024-07-26T16:33:05.963-03:00  INFO 11060 --- [crud_users_and_auth] [restartedMain] com.zaxxer.hikari.HikariDataSource       : HikariPool-1 - Starting...
2024-07-26T16:33:06.261-03:00  INFO 11060 --- [crud_users_and_auth] [restartedMain] com.zaxxer.hikari.pool.HikariPool        : HikariPool-1 - Added connection conn0: url=jdbc:h2:mem:devdb user=SA
2024-07-26T16:33:06.264-03:00  INFO 11060 --- [crud_users_and_auth] [restartedMain] com.zaxxer.hikari.HikariDataSource       : HikariPool-1 - Start completed.
2024-07-26T16:33:06.285-03:00  INFO 11060 --- [crud_users_and_auth] [restartedMain] o.s.b.a.h2.H2ConsoleAutoConfiguration    : H2 console available at '/h2'. Database available at 'jdbc:h2:mem:devdb'
2024-07-26T16:33:06.683-03:00  INFO 11060 --- [crud_users_and_auth] [restartedMain] o.hibernate.jpa.internal.util.LogHelper  : HHH000204: Processing PersistenceUnitInfo [name: default]
2024-07-26T16:33:06.814-03:00  INFO 11060 --- [crud_users_and_auth] [restartedMain] org.hibernate.Version                    : HHH000412: Hibernate ORM core version 6.5.2.Final
2024-07-26T16:33:06.875-03:00  INFO 11060 --- [crud_users_and_auth] [restartedMain] o.h.c.internal.RegionFactoryInitiator    : HHH000026: Second-level cache disabled
2024-07-26T16:33:07.419-03:00  INFO 11060 --- [crud_users_and_auth] [restartedMain] o.s.o.j.p.SpringPersistenceUnitInfo      : No LoadTimeWeaver setup: ignoring JPA class transformer
2024-07-26T16:33:07.506-03:00  WARN 11060 --- [crud_users_and_auth] [restartedMain] org.hibernate.orm.deprecation            : HHH90000025: H2Dialect does not need to be specified explicitly using 'hibernate.dialect' (remove the property setting and it will be selected by default)
2024-07-26T16:33:08.998-03:00  INFO 11060 --- [crud_users_and_auth] [restartedMain] o.h.m.i.EntityInstantiatorPojoStandard   : HHH000182: No default (no-argument) constructor for class: br.com.rufuziu.crud_users_and_auth.entity.FailedMail (class must be instantiated by Interceptor)
2024-07-26T16:33:09.344-03:00  INFO 11060 --- [crud_users_and_auth] [restartedMain] o.h.e.t.j.p.i.JtaPlatformInitiator       : HHH000489: No JTA platform available (set 'hibernate.transaction.jta.platform' to enable JTA platform integration)
2024-07-26T16:33:09.410-03:00  INFO 11060 --- [crud_users_and_auth] [restartedMain] j.LocalContainerEntityManagerFactoryBean : Initialized JPA EntityManagerFactory for persistence unit 'default'
2024-07-26T16:33:10.080-03:00  INFO 11060 --- [crud_users_and_auth] [restartedMain] o.s.d.j.r.query.QueryEnhancerFactory     : Hibernate is in classpath; If applicable, HQL parser will be used.
2024-07-26T16:33:11.202-03:00  INFO 11060 --- [crud_users_and_auth] [restartedMain] eAuthenticationProviderManagerConfigurer : Global AuthenticationManager configured with AuthenticationProvider bean with name authenticationProvider
2024-07-26T16:33:11.203-03:00  WARN 11060 --- [crud_users_and_auth] [restartedMain] r$InitializeUserDetailsManagerConfigurer : Global AuthenticationManager configured with an AuthenticationProvider bean. UserDetailsService beans will not be used for username/password login. Consider removing the AuthenticationProvider bean. Alternatively, consider using the UserDetailsService in a manually instantiated DaoAuthenticationProvider.
2024-07-26T16:33:12.705-03:00  INFO 11060 --- [crud_users_and_auth] [restartedMain] o.s.b.a.e.web.EndpointLinksResolver      : Exposing 15 endpoints beneath base path '/actuator'
2024-07-26T16:33:13.863-03:00  INFO 11060 --- [crud_users_and_auth] [restartedMain] o.s.b.d.a.OptionalLiveReloadServer       : LiveReload server is running on port 35729
2024-07-26T16:33:14.020-03:00  INFO 11060 --- [crud_users_and_auth] [restartedMain] o.s.b.w.embedded.tomcat.TomcatWebServer  : Tomcat started on port 8080 (http) with context path '/'
2024-07-26T16:33:14.100-03:00  INFO 11060 --- [crud_users_and_auth] [restartedMain] b.c.r.c.CrudUsersAndAuthApplication      : Started CrudUsersAndAuthApplication in 14.511 seconds (process running for 15.671)
2024-07-26T16:33:17.626-03:00  INFO 11060 --- [crud_users_and_auth] [http-nio-8080-exec-1] o.a.c.c.C.[Tomcat].[localhost].[/]       : Initializing Spring DispatcherServlet 'dispatcherServlet'
2024-07-26T16:33:17.627-03:00  INFO 11060 --- [crud_users_and_auth] [http-nio-8080-exec-1] o.s.web.servlet.DispatcherServlet        : Initializing Servlet 'dispatcherServlet'
2024-07-26T16:33:17.629-03:00  INFO 11060 --- [crud_users_and_auth] [http-nio-8080-exec-1] o.s.web.servlet.DispatcherServlet        : Completed initialization in 2 ms
2024-07-26T16:33:18.752-03:00  INFO 11060 --- [crud_users_and_auth] [http-nio-8080-exec-9] o.springdoc.api.AbstractOpenApiResource  : Init duration for springdoc-openapi is: 458 ms
2024-07-26T16:33:37.409-03:00  INFO 11060 --- [crud_users_and_auth] [SpringApplicationShutdownHook] j.LocalContainerEntityManagerFactoryBean : Closing JPA EntityManagerFactory for persistence unit 'default'
2024-07-26T16:33:37.424-03:00  WARN 11060 --- [crud_users_and_auth] [SpringApplicationShutdownHook] o.s.b.f.support.DisposableBeanAdapter    : Invocation of destroy method failed on bean with name 'inMemoryDatabaseShutdownExecutor': org.h2.jdbc.JdbcSQLNonTransientConnectionException: Database is already closed (to disable automatic closing at VM shutdown, add ";DB_CLOSE_ON_EXIT=FALSE" to the db URL) [90121-224]
2024-07-26T16:33:37.426-03:00  INFO 11060 --- [crud_users_and_auth] [SpringApplicationShutdownHook] com.zaxxer.hikari.HikariDataSource       : HikariPool-1 - Shutdown initiated...
2024-07-26T16:33:37.449-03:00  INFO 11060 --- [crud_users_and_auth] [SpringApplicationShutdownHook] com.zaxxer.hikari.HikariDataSource       : HikariPool-1 - Shutdown completed.
2024-07-26T16:33:43.508-03:00  INFO 10832 --- [crud_users_and_auth] [restartedMain] b.c.r.c.CrudUsersAndAuthApplication      : Starting CrudUsersAndAuthApplication using Java 22.0.1 with PID 10832 (C:\Users\acer\Desktop\Projetos\atividadeextensionista\microservices\ms-registry-and-auth\target\classes started by acer in C:\Users\acer\Desktop\Projetos\atividadeextensionista\microservices\ms-registry-and-auth)
2024-07-26T16:33:43.512-03:00  INFO 10832 --- [crud_users_and_auth] [restartedMain] b.c.r.c.CrudUsersAndAuthApplication      : The following 1 profile is active: "DEV"
2024-07-26T16:33:43.649-03:00  INFO 10832 --- [crud_users_and_auth] [restartedMain] .e.DevToolsPropertyDefaultsPostProcessor : Devtools property defaults active! Set 'spring.devtools.add-properties' to 'false' to disable
2024-07-26T16:33:43.650-03:00  INFO 10832 --- [crud_users_and_auth] [restartedMain] .e.DevToolsPropertyDefaultsPostProcessor : For additional web related logging consider setting the 'logging.level.web' property to 'DEBUG'
2024-07-26T16:33:46.458-03:00  INFO 10832 --- [crud_users_and_auth] [restartedMain] .s.d.r.c.RepositoryConfigurationDelegate : Bootstrapping Spring Data JPA repositories in DEFAULT mode.
2024-07-26T16:33:46.595-03:00  INFO 10832 --- [crud_users_and_auth] [restartedMain] .s.d.r.c.RepositoryConfigurationDelegate : Finished Spring Data repository scanning in 119 ms. Found 2 JPA repository interfaces.
2024-07-26T16:33:48.542-03:00  INFO 10832 --- [crud_users_and_auth] [restartedMain] o.s.b.w.embedded.tomcat.TomcatWebServer  : Tomcat initialized with port 8080 (http)
2024-07-26T16:33:48.582-03:00  INFO 10832 --- [crud_users_and_auth] [restartedMain] o.apache.catalina.core.StandardService   : Starting service [Tomcat]
2024-07-26T16:33:48.583-03:00  INFO 10832 --- [crud_users_and_auth] [restartedMain] o.apache.catalina.core.StandardEngine    : Starting Servlet engine: [Apache Tomcat/10.1.25]
2024-07-26T16:33:48.697-03:00  INFO 10832 --- [crud_users_and_auth] [restartedMain] o.a.c.c.C.[Tomcat].[localhost].[/]       : Initializing Spring embedded WebApplicationContext
2024-07-26T16:33:48.698-03:00  INFO 10832 --- [crud_users_and_auth] [restartedMain] w.s.c.ServletWebServerApplicationContext : Root WebApplicationContext: initialization completed in 5046 ms
2024-07-26T16:33:49.035-03:00  INFO 10832 --- [crud_users_and_auth] [restartedMain] com.zaxxer.hikari.HikariDataSource       : HikariPool-1 - Starting...
2024-07-26T16:33:49.376-03:00  INFO 10832 --- [crud_users_and_auth] [restartedMain] com.zaxxer.hikari.pool.HikariPool        : HikariPool-1 - Added connection conn0: url=jdbc:h2:mem:devdb user=SA
2024-07-26T16:33:49.379-03:00  INFO 10832 --- [crud_users_and_auth] [restartedMain] com.zaxxer.hikari.HikariDataSource       : HikariPool-1 - Start completed.
2024-07-26T16:33:49.402-03:00  INFO 10832 --- [crud_users_and_auth] [restartedMain] o.s.b.a.h2.H2ConsoleAutoConfiguration    : H2 console available at '/h2'. Database available at 'jdbc:h2:mem:devdb'
2024-07-26T16:33:49.829-03:00  INFO 10832 --- [crud_users_and_auth] [restartedMain] o.hibernate.jpa.internal.util.LogHelper  : HHH000204: Processing PersistenceUnitInfo [name: default]
2024-07-26T16:33:49.942-03:00  INFO 10832 --- [crud_users_and_auth] [restartedMain] org.hibernate.Version                    : HHH000412: Hibernate ORM core version 6.5.2.Final
2024-07-26T16:33:50.007-03:00  INFO 10832 --- [crud_users_and_auth] [restartedMain] o.h.c.internal.RegionFactoryInitiator    : HHH000026: Second-level cache disabled
2024-07-26T16:33:50.574-03:00  INFO 10832 --- [crud_users_and_auth] [restartedMain] o.s.o.j.p.SpringPersistenceUnitInfo      : No LoadTimeWeaver setup: ignoring JPA class transformer
2024-07-26T16:33:50.663-03:00  WARN 10832 --- [crud_users_and_auth] [restartedMain] org.hibernate.orm.deprecation            : HHH90000025: H2Dialect does not need to be specified explicitly using 'hibernate.dialect' (remove the property setting and it will be selected by default)
2024-07-26T16:33:52.012-03:00  INFO 10832 --- [crud_users_and_auth] [restartedMain] o.h.m.i.EntityInstantiatorPojoStandard   : HHH000182: No default (no-argument) constructor for class: br.com.rufuziu.crud_users_and_auth.entity.FailedMail (class must be instantiated by Interceptor)
2024-07-26T16:33:52.368-03:00  INFO 10832 --- [crud_users_and_auth] [restartedMain] o.h.e.t.j.p.i.JtaPlatformInitiator       : HHH000489: No JTA platform available (set 'hibernate.transaction.jta.platform' to enable JTA platform integration)
2024-07-26T16:33:52.439-03:00  INFO 10832 --- [crud_users_and_auth] [restartedMain] j.LocalContainerEntityManagerFactoryBean : Initialized JPA EntityManagerFactory for persistence unit 'default'
2024-07-26T16:33:53.052-03:00  INFO 10832 --- [crud_users_and_auth] [restartedMain] o.s.d.j.r.query.QueryEnhancerFactory     : Hibernate is in classpath; If applicable, HQL parser will be used.
2024-07-26T16:33:54.353-03:00  INFO 10832 --- [crud_users_and_auth] [restartedMain] eAuthenticationProviderManagerConfigurer : Global AuthenticationManager configured with AuthenticationProvider bean with name authenticationProvider
2024-07-26T16:33:54.355-03:00  WARN 10832 --- [crud_users_and_auth] [restartedMain] r$InitializeUserDetailsManagerConfigurer : Global AuthenticationManager configured with an AuthenticationProvider bean. UserDetailsService beans will not be used for username/password login. Consider removing the AuthenticationProvider bean. Alternatively, consider using the UserDetailsService in a manually instantiated DaoAuthenticationProvider.
2024-07-26T16:33:55.869-03:00  INFO 10832 --- [crud_users_and_auth] [restartedMain] o.s.b.a.e.web.EndpointLinksResolver      : Exposing 15 endpoints beneath base path '/actuator'
2024-07-26T16:33:57.086-03:00  INFO 10832 --- [crud_users_and_auth] [restartedMain] o.s.b.d.a.OptionalLiveReloadServer       : LiveReload server is running on port 35729
2024-07-26T16:33:57.198-03:00  INFO 10832 --- [crud_users_and_auth] [restartedMain] o.s.b.w.embedded.tomcat.TomcatWebServer  : Tomcat started on port 8080 (http) with context path '/'
2024-07-26T16:33:57.232-03:00  INFO 10832 --- [crud_users_and_auth] [restartedMain] b.c.r.c.CrudUsersAndAuthApplication      : Started CrudUsersAndAuthApplication in 14.868 seconds (process running for 15.83)
2024-07-26T16:34:24.320-03:00  INFO 10832 --- [crud_users_and_auth] [http-nio-8080-exec-1] o.a.c.c.C.[Tomcat].[localhost].[/]       : Initializing Spring DispatcherServlet 'dispatcherServlet'
2024-07-26T16:34:24.320-03:00  INFO 10832 --- [crud_users_and_auth] [http-nio-8080-exec-1] o.s.web.servlet.DispatcherServlet        : Initializing Servlet 'dispatcherServlet'
2024-07-26T16:34:24.325-03:00  INFO 10832 --- [crud_users_and_auth] [http-nio-8080-exec-1] o.s.web.servlet.DispatcherServlet        : Completed initialization in 4 ms
2024-07-26T16:34:25.421-03:00  INFO 10832 --- [crud_users_and_auth] [http-nio-8080-exec-9] o.springdoc.api.AbstractOpenApiResource  : Init duration for springdoc-openapi is: 502 ms
2024-07-26T16:35:05.057-03:00  INFO 10832 --- [crud_users_and_auth] [http-nio-8080-exec-7] b.c.r.c.c.RegisterAndAuthController      : 0:0:0:0:0:0:0:1 is sending request to create a user
2024-07-26T16:35:05.828-03:00  INFO 10832 --- [crud_users_and_auth] [http-nio-8080-exec-7] b.c.r.c.c.RegisterAndAuthController      : 0:0:0:0:0:0:0:1 created a user
2024-07-26T18:26:59.476-03:00  WARN 10832 --- [crud_users_and_auth] [HikariPool-1 housekeeper] com.zaxxer.hikari.pool.HikariPool        : HikariPool-1 - Thread starvation or clock leap detected (housekeeper delta=1h51m39s979ms719µs900ns).
2024-07-26T18:27:01.457-03:00  INFO 10832 --- [crud_users_and_auth] [SpringApplicationShutdownHook] j.LocalContainerEntityManagerFactoryBean : Closing JPA EntityManagerFactory for persistence unit 'default'
2024-07-26T18:27:01.472-03:00  WARN 10832 --- [crud_users_and_auth] [SpringApplicationShutdownHook] o.s.b.f.support.DisposableBeanAdapter    : Invocation of destroy method failed on bean with name 'inMemoryDatabaseShutdownExecutor': org.h2.jdbc.JdbcSQLNonTransientConnectionException: Database is already closed (to disable automatic closing at VM shutdown, add ";DB_CLOSE_ON_EXIT=FALSE" to the db URL) [90121-224]
2024-07-26T18:27:01.476-03:00  INFO 10832 --- [crud_users_and_auth] [SpringApplicationShutdownHook] com.zaxxer.hikari.HikariDataSource       : HikariPool-1 - Shutdown initiated...
2024-07-26T18:27:01.480-03:00  INFO 10832 --- [crud_users_and_auth] [SpringApplicationShutdownHook] com.zaxxer.hikari.HikariDataSource       : HikariPool-1 - Shutdown completed.
2024-07-26T22:05:22.065-03:00  INFO 8228 --- [crud_users_and_auth] [restartedMain] b.c.r.c.CrudUsersAndAuthApplication      : Starting CrudUsersAndAuthApplication using Java 22.0.1 with PID 8228 (C:\Users\acer\Desktop\Projetos\atividadeextensionista\microservices\ms-registry-and-auth\target\classes started by acer in C:\Users\acer\Desktop\Projetos\atividadeextensionista\microservices\ms-registry-and-auth)
2024-07-26T22:05:22.102-03:00  INFO 8228 --- [crud_users_and_auth] [restartedMain] b.c.r.c.CrudUsersAndAuthApplication      : The following 1 profile is active: "DEV"
2024-07-26T22:05:22.263-03:00  INFO 8228 --- [crud_users_and_auth] [restartedMain] .e.DevToolsPropertyDefaultsPostProcessor : Devtools property defaults active! Set 'spring.devtools.add-properties' to 'false' to disable
2024-07-26T22:05:22.264-03:00  INFO 8228 --- [crud_users_and_auth] [restartedMain] .e.DevToolsPropertyDefaultsPostProcessor : For additional web related logging consider setting the 'logging.level.web' property to 'DEBUG'
2024-07-26T22:05:26.890-03:00  INFO 8228 --- [crud_users_and_auth] [restartedMain] .s.d.r.c.RepositoryConfigurationDelegate : Bootstrapping Spring Data JPA repositories in DEFAULT mode.
2024-07-26T22:05:27.144-03:00  INFO 8228 --- [crud_users_and_auth] [restartedMain] .s.d.r.c.RepositoryConfigurationDelegate : Finished Spring Data repository scanning in 230 ms. Found 2 JPA repository interfaces.
2024-07-26T22:05:31.369-03:00  INFO 8228 --- [crud_users_and_auth] [restartedMain] o.s.b.w.embedded.tomcat.TomcatWebServer  : Tomcat initialized with port 8080 (http)
2024-07-26T22:05:31.539-03:00  INFO 8228 --- [crud_users_and_auth] [restartedMain] o.apache.catalina.core.StandardService   : Starting service [Tomcat]
2024-07-26T22:05:31.542-03:00  INFO 8228 --- [crud_users_and_auth] [restartedMain] o.apache.catalina.core.StandardEngine    : Starting Servlet engine: [Apache Tomcat/10.1.25]
2024-07-26T22:05:31.960-03:00  INFO 8228 --- [crud_users_and_auth] [restartedMain] o.a.c.c.C.[Tomcat].[localhost].[/]       : Initializing Spring embedded WebApplicationContext
2024-07-26T22:05:31.960-03:00  INFO 8228 --- [crud_users_and_auth] [restartedMain] w.s.c.ServletWebServerApplicationContext : Root WebApplicationContext: initialization completed in 9695 ms
2024-07-26T22:05:32.936-03:00  INFO 8228 --- [crud_users_and_auth] [restartedMain] com.zaxxer.hikari.HikariDataSource       : HikariPool-1 - Starting...
2024-07-26T22:05:33.732-03:00  INFO 8228 --- [crud_users_and_auth] [restartedMain] com.zaxxer.hikari.pool.HikariPool        : HikariPool-1 - Added connection conn0: url=jdbc:h2:mem:devdb user=SA
2024-07-26T22:05:33.736-03:00  INFO 8228 --- [crud_users_and_auth] [restartedMain] com.zaxxer.hikari.HikariDataSource       : HikariPool-1 - Start completed.
2024-07-26T22:05:33.758-03:00  INFO 8228 --- [crud_users_and_auth] [restartedMain] o.s.b.a.h2.H2ConsoleAutoConfiguration    : H2 console available at '/h2'. Database available at 'jdbc:h2:mem:devdb'
2024-07-26T22:05:34.474-03:00  INFO 8228 --- [crud_users_and_auth] [restartedMain] o.hibernate.jpa.internal.util.LogHelper  : HHH000204: Processing PersistenceUnitInfo [name: default]
2024-07-26T22:05:34.645-03:00  INFO 8228 --- [crud_users_and_auth] [restartedMain] org.hibernate.Version                    : HHH000412: Hibernate ORM core version 6.5.2.Final
2024-07-26T22:05:34.825-03:00  INFO 8228 --- [crud_users_and_auth] [restartedMain] o.h.c.internal.RegionFactoryInitiator    : HHH000026: Second-level cache disabled
2024-07-26T22:05:35.804-03:00  INFO 8228 --- [crud_users_and_auth] [restartedMain] o.s.o.j.p.SpringPersistenceUnitInfo      : No LoadTimeWeaver setup: ignoring JPA class transformer
2024-07-26T22:05:35.954-03:00  WARN 8228 --- [crud_users_and_auth] [restartedMain] org.hibernate.orm.deprecation            : HHH90000025: H2Dialect does not need to be specified explicitly using 'hibernate.dialect' (remove the property setting and it will be selected by default)
2024-07-26T22:05:38.448-03:00  INFO 8228 --- [crud_users_and_auth] [restartedMain] o.h.m.i.EntityInstantiatorPojoStandard   : HHH000182: No default (no-argument) constructor for class: br.com.rufuziu.crud_users_and_auth.entity.FailedMail (class must be instantiated by Interceptor)
2024-07-26T22:05:38.918-03:00  INFO 8228 --- [crud_users_and_auth] [restartedMain] o.h.e.t.j.p.i.JtaPlatformInitiator       : HHH000489: No JTA platform available (set 'hibernate.transaction.jta.platform' to enable JTA platform integration)
2024-07-26T22:05:38.979-03:00  INFO 8228 --- [crud_users_and_auth] [restartedMain] j.LocalContainerEntityManagerFactoryBean : Initialized JPA EntityManagerFactory for persistence unit 'default'
2024-07-26T22:05:41.115-03:00  INFO 8228 --- [crud_users_and_auth] [restartedMain] o.s.d.j.r.query.QueryEnhancerFactory     : Hibernate is in classpath; If applicable, HQL parser will be used.
2024-07-26T22:05:42.906-03:00  INFO 8228 --- [crud_users_and_auth] [restartedMain] eAuthenticationProviderManagerConfigurer : Global AuthenticationManager configured with AuthenticationProvider bean with name authenticationProvider
2024-07-26T22:05:42.906-03:00  WARN 8228 --- [crud_users_and_auth] [restartedMain] r$InitializeUserDetailsManagerConfigurer : Global AuthenticationManager configured with an AuthenticationProvider bean. UserDetailsService beans will not be used for username/password login. Consider removing the AuthenticationProvider bean. Alternatively, consider using the UserDetailsService in a manually instantiated DaoAuthenticationProvider.
2024-07-26T22:05:45.197-03:00  INFO 8228 --- [crud_users_and_auth] [restartedMain] o.s.b.a.e.web.EndpointLinksResolver      : Exposing 15 endpoints beneath base path '/actuator'
2024-07-26T22:05:46.665-03:00  INFO 8228 --- [crud_users_and_auth] [restartedMain] o.s.b.d.a.OptionalLiveReloadServer       : LiveReload server is running on port 35729
2024-07-26T22:05:46.829-03:00  INFO 8228 --- [crud_users_and_auth] [restartedMain] o.s.b.w.embedded.tomcat.TomcatWebServer  : Tomcat started on port 8080 (http) with context path '/'
2024-07-26T22:05:46.868-03:00  INFO 8228 --- [crud_users_and_auth] [restartedMain] b.c.r.c.CrudUsersAndAuthApplication      : Started CrudUsersAndAuthApplication in 26.727 seconds (process running for 30.616)
2024-07-26T22:05:51.453-03:00  INFO 8228 --- [crud_users_and_auth] [http-nio-8080-exec-1] o.a.c.c.C.[Tomcat].[localhost].[/]       : Initializing Spring DispatcherServlet 'dispatcherServlet'
2024-07-26T22:05:51.453-03:00  INFO 8228 --- [crud_users_and_auth] [http-nio-8080-exec-1] o.s.web.servlet.DispatcherServlet        : Initializing Servlet 'dispatcherServlet'
2024-07-26T22:05:51.456-03:00  INFO 8228 --- [crud_users_and_auth] [http-nio-8080-exec-1] o.s.web.servlet.DispatcherServlet        : Completed initialization in 3 ms
2024-07-26T22:05:53.166-03:00  INFO 8228 --- [crud_users_and_auth] [http-nio-8080-exec-8] o.springdoc.api.AbstractOpenApiResource  : Init duration for springdoc-openapi is: 672 ms
2024-07-26T22:07:39.295-03:00  INFO 8228 --- [crud_users_and_auth] [SpringApplicationShutdownHook] j.LocalContainerEntityManagerFactoryBean : Closing JPA EntityManagerFactory for persistence unit 'default'
2024-07-26T22:07:39.330-03:00  WARN 8228 --- [crud_users_and_auth] [SpringApplicationShutdownHook] o.s.b.f.support.DisposableBeanAdapter    : Invocation of destroy method failed on bean with name 'inMemoryDatabaseShutdownExecutor': org.h2.jdbc.JdbcSQLNonTransientConnectionException: Database is already closed (to disable automatic closing at VM shutdown, add ";DB_CLOSE_ON_EXIT=FALSE" to the db URL) [90121-224]
2024-07-26T22:07:39.332-03:00  INFO 8228 --- [crud_users_and_auth] [SpringApplicationShutdownHook] com.zaxxer.hikari.HikariDataSource       : HikariPool-1 - Shutdown initiated...
2024-07-26T22:07:39.338-03:00  INFO 8228 --- [crud_users_and_auth] [SpringApplicationShutdownHook] com.zaxxer.hikari.HikariDataSource       : HikariPool-1 - Shutdown completed.
2024-07-26T22:07:49.157-03:00  INFO 6524 --- [crud_users_and_auth] [restartedMain] b.c.r.c.CrudUsersAndAuthApplication      : Starting CrudUsersAndAuthApplication using Java 22.0.1 with PID 6524 (C:\Users\acer\Desktop\Projetos\atividadeextensionista\microservices\ms-registry-and-auth\target\classes started by acer in C:\Users\acer\Desktop\Projetos\atividadeextensionista\microservices\ms-registry-and-auth)
2024-07-26T22:07:49.162-03:00  INFO 6524 --- [crud_users_and_auth] [restartedMain] b.c.r.c.CrudUsersAndAuthApplication      : The following 1 profile is active: "DEV"
2024-07-26T22:07:49.284-03:00  INFO 6524 --- [crud_users_and_auth] [restartedMain] .e.DevToolsPropertyDefaultsPostProcessor : Devtools property defaults active! Set 'spring.devtools.add-properties' to 'false' to disable
2024-07-26T22:07:49.285-03:00  INFO 6524 --- [crud_users_and_auth] [restartedMain] .e.DevToolsPropertyDefaultsPostProcessor : For additional web related logging consider setting the 'logging.level.web' property to 'DEBUG'
2024-07-26T22:07:53.013-03:00  INFO 6524 --- [crud_users_and_auth] [restartedMain] .s.d.r.c.RepositoryConfigurationDelegate : Bootstrapping Spring Data JPA repositories in DEFAULT mode.
2024-07-26T22:07:53.174-03:00  INFO 6524 --- [crud_users_and_auth] [restartedMain] .s.d.r.c.RepositoryConfigurationDelegate : Finished Spring Data repository scanning in 140 ms. Found 2 JPA repository interfaces.
2024-07-26T22:07:55.787-03:00  INFO 6524 --- [crud_users_and_auth] [restartedMain] o.s.b.w.embedded.tomcat.TomcatWebServer  : Tomcat initialized with port 8080 (http)
2024-07-26T22:07:55.820-03:00  INFO 6524 --- [crud_users_and_auth] [restartedMain] o.apache.catalina.core.StandardService   : Starting service [Tomcat]
2024-07-26T22:07:55.851-03:00  INFO 6524 --- [crud_users_and_auth] [restartedMain] o.apache.catalina.core.StandardEngine    : Starting Servlet engine: [Apache Tomcat/10.1.25]
2024-07-26T22:07:56.033-03:00  INFO 6524 --- [crud_users_and_auth] [restartedMain] o.a.c.c.C.[Tomcat].[localhost].[/]       : Initializing Spring embedded WebApplicationContext
2024-07-26T22:07:56.033-03:00  INFO 6524 --- [crud_users_and_auth] [restartedMain] w.s.c.ServletWebServerApplicationContext : Root WebApplicationContext: initialization completed in 6747 ms
2024-07-26T22:07:57.686-03:00  INFO 6524 --- [crud_users_and_auth] [restartedMain] com.zaxxer.hikari.HikariDataSource       : HikariPool-1 - Starting...
2024-07-26T22:07:58.221-03:00  INFO 6524 --- [crud_users_and_auth] [restartedMain] com.zaxxer.hikari.pool.HikariPool        : HikariPool-1 - Added connection conn0: url=jdbc:h2:mem:devdb user=SA
2024-07-26T22:07:58.225-03:00  INFO 6524 --- [crud_users_and_auth] [restartedMain] com.zaxxer.hikari.HikariDataSource       : HikariPool-1 - Start completed.
2024-07-26T22:07:58.246-03:00  INFO 6524 --- [crud_users_and_auth] [restartedMain] o.s.b.a.h2.H2ConsoleAutoConfiguration    : H2 console available at '/h2'. Database available at 'jdbc:h2:mem:devdb'
2024-07-26T22:07:59.037-03:00  INFO 6524 --- [crud_users_and_auth] [restartedMain] o.hibernate.jpa.internal.util.LogHelper  : HHH000204: Processing PersistenceUnitInfo [name: default]
2024-07-26T22:07:59.247-03:00  INFO 6524 --- [crud_users_and_auth] [restartedMain] org.hibernate.Version                    : HHH000412: Hibernate ORM core version 6.5.2.Final
2024-07-26T22:07:59.476-03:00  INFO 6524 --- [crud_users_and_auth] [restartedMain] o.h.c.internal.RegionFactoryInitiator    : HHH000026: Second-level cache disabled
2024-07-26T22:08:00.255-03:00  INFO 6524 --- [crud_users_and_auth] [restartedMain] o.s.o.j.p.SpringPersistenceUnitInfo      : No LoadTimeWeaver setup: ignoring JPA class transformer
2024-07-26T22:08:00.394-03:00  WARN 6524 --- [crud_users_and_auth] [restartedMain] org.hibernate.orm.deprecation            : HHH90000025: H2Dialect does not need to be specified explicitly using 'hibernate.dialect' (remove the property setting and it will be selected by default)
2024-07-26T22:08:01.957-03:00  INFO 6524 --- [crud_users_and_auth] [restartedMain] o.h.m.i.EntityInstantiatorPojoStandard   : HHH000182: No default (no-argument) constructor for class: br.com.rufuziu.crud_users_and_auth.entity.FailedMail (class must be instantiated by Interceptor)
2024-07-26T22:08:02.372-03:00  INFO 6524 --- [crud_users_and_auth] [restartedMain] o.h.e.t.j.p.i.JtaPlatformInitiator       : HHH000489: No JTA platform available (set 'hibernate.transaction.jta.platform' to enable JTA platform integration)
2024-07-26T22:08:02.446-03:00  INFO 6524 --- [crud_users_and_auth] [restartedMain] j.LocalContainerEntityManagerFactoryBean : Initialized JPA EntityManagerFactory for persistence unit 'default'
2024-07-26T22:08:03.604-03:00  INFO 6524 --- [crud_users_and_auth] [restartedMain] o.s.d.j.r.query.QueryEnhancerFactory     : Hibernate is in classpath; If applicable, HQL parser will be used.
2024-07-26T22:08:06.211-03:00  INFO 6524 --- [crud_users_and_auth] [restartedMain] eAuthenticationProviderManagerConfigurer : Global AuthenticationManager configured with AuthenticationProvider bean with name authenticationProvider
2024-07-26T22:08:06.213-03:00  WARN 6524 --- [crud_users_and_auth] [restartedMain] r$InitializeUserDetailsManagerConfigurer : Global AuthenticationManager configured with an AuthenticationProvider bean. UserDetailsService beans will not be used for username/password login. Consider removing the AuthenticationProvider bean. Alternatively, consider using the UserDetailsService in a manually instantiated DaoAuthenticationProvider.
2024-07-26T22:08:09.165-03:00  INFO 6524 --- [crud_users_and_auth] [restartedMain] o.s.b.a.e.web.EndpointLinksResolver      : Exposing 15 endpoints beneath base path '/actuator'
2024-07-26T22:08:11.489-03:00  INFO 6524 --- [crud_users_and_auth] [restartedMain] o.s.b.d.a.OptionalLiveReloadServer       : LiveReload server is running on port 35729
2024-07-26T22:08:11.777-03:00  INFO 6524 --- [crud_users_and_auth] [restartedMain] o.s.b.w.embedded.tomcat.TomcatWebServer  : Tomcat started on port 8080 (http) with context path '/'
2024-07-26T22:08:11.859-03:00  INFO 6524 --- [crud_users_and_auth] [restartedMain] b.c.r.c.CrudUsersAndAuthApplication      : Started CrudUsersAndAuthApplication in 24.088 seconds (process running for 25.617)
2024-07-26T22:12:52.150-03:00  INFO 6524 --- [crud_users_and_auth] [http-nio-8080-exec-1] o.a.c.c.C.[Tomcat].[localhost].[/]       : Initializing Spring DispatcherServlet 'dispatcherServlet'
2024-07-26T22:12:52.249-03:00  INFO 6524 --- [crud_users_and_auth] [http-nio-8080-exec-1] o.s.web.servlet.DispatcherServlet        : Initializing Servlet 'dispatcherServlet'
2024-07-26T22:12:52.255-03:00  INFO 6524 --- [crud_users_and_auth] [http-nio-8080-exec-1] o.s.web.servlet.DispatcherServlet        : Completed initialization in 3 ms
2024-07-26T22:12:54.193-03:00  INFO 6524 --- [crud_users_and_auth] [http-nio-8080-exec-9] o.springdoc.api.AbstractOpenApiResource  : Init duration for springdoc-openapi is: 907 ms
2024-07-26T22:16:43.897-03:00  INFO 6524 --- [crud_users_and_auth] [SpringApplicationShutdownHook] j.LocalContainerEntityManagerFactoryBean : Closing JPA EntityManagerFactory for persistence unit 'default'
2024-07-26T22:16:43.913-03:00  WARN 6524 --- [crud_users_and_auth] [SpringApplicationShutdownHook] o.s.b.f.support.DisposableBeanAdapter    : Invocation of destroy method failed on bean with name 'inMemoryDatabaseShutdownExecutor': org.h2.jdbc.JdbcSQLNonTransientConnectionException: Database is already closed (to disable automatic closing at VM shutdown, add ";DB_CLOSE_ON_EXIT=FALSE" to the db URL) [90121-224]
2024-07-26T22:16:43.926-03:00  INFO 6524 --- [crud_users_and_auth] [SpringApplicationShutdownHook] com.zaxxer.hikari.HikariDataSource       : HikariPool-1 - Shutdown initiated...
2024-07-26T22:16:43.934-03:00  INFO 6524 --- [crud_users_and_auth] [SpringApplicationShutdownHook] com.zaxxer.hikari.HikariDataSource       : HikariPool-1 - Shutdown completed.
2024-07-26T22:16:52.027-03:00  INFO 1316 --- [crud_users_and_auth] [restartedMain] b.c.r.c.CrudUsersAndAuthApplication      : Starting CrudUsersAndAuthApplication using Java 22.0.1 with PID 1316 (C:\Users\acer\Desktop\Projetos\atividadeextensionista\microservices\ms-registry-and-auth\target\classes started by acer in C:\Users\acer\Desktop\Projetos\atividadeextensionista\microservices\ms-registry-and-auth)
2024-07-26T22:16:52.031-03:00  INFO 1316 --- [crud_users_and_auth] [restartedMain] b.c.r.c.CrudUsersAndAuthApplication      : The following 1 profile is active: "DEV"
2024-07-26T22:16:52.185-03:00  INFO 1316 --- [crud_users_and_auth] [restartedMain] .e.DevToolsPropertyDefaultsPostProcessor : Devtools property defaults active! Set 'spring.devtools.add-properties' to 'false' to disable
2024-07-26T22:16:52.185-03:00  INFO 1316 --- [crud_users_and_auth] [restartedMain] .e.DevToolsPropertyDefaultsPostProcessor : For additional web related logging consider setting the 'logging.level.web' property to 'DEBUG'
2024-07-26T22:16:56.207-03:00  INFO 1316 --- [crud_users_and_auth] [restartedMain] .s.d.r.c.RepositoryConfigurationDelegate : Bootstrapping Spring Data JPA repositories in DEFAULT mode.
2024-07-26T22:16:56.386-03:00  INFO 1316 --- [crud_users_and_auth] [restartedMain] .s.d.r.c.RepositoryConfigurationDelegate : Finished Spring Data repository scanning in 160 ms. Found 2 JPA repository interfaces.
2024-07-26T22:16:59.414-03:00  INFO 1316 --- [crud_users_and_auth] [restartedMain] o.s.b.w.embedded.tomcat.TomcatWebServer  : Tomcat initialized with port 8080 (http)
2024-07-26T22:16:59.445-03:00  INFO 1316 --- [crud_users_and_auth] [restartedMain] o.apache.catalina.core.StandardService   : Starting service [Tomcat]
2024-07-26T22:16:59.447-03:00  INFO 1316 --- [crud_users_and_auth] [restartedMain] o.apache.catalina.core.StandardEngine    : Starting Servlet engine: [Apache Tomcat/10.1.25]
2024-07-26T22:16:59.625-03:00  INFO 1316 --- [crud_users_and_auth] [restartedMain] o.a.c.c.C.[Tomcat].[localhost].[/]       : Initializing Spring embedded WebApplicationContext
2024-07-26T22:16:59.627-03:00  INFO 1316 --- [crud_users_and_auth] [restartedMain] w.s.c.ServletWebServerApplicationContext : Root WebApplicationContext: initialization completed in 7441 ms
2024-07-26T22:17:00.769-03:00  INFO 1316 --- [crud_users_and_auth] [restartedMain] com.zaxxer.hikari.HikariDataSource       : HikariPool-1 - Starting...
2024-07-26T22:17:01.346-03:00  INFO 1316 --- [crud_users_and_auth] [restartedMain] com.zaxxer.hikari.pool.HikariPool        : HikariPool-1 - Added connection conn0: url=jdbc:h2:mem:devdb user=SA
2024-07-26T22:17:01.349-03:00  INFO 1316 --- [crud_users_and_auth] [restartedMain] com.zaxxer.hikari.HikariDataSource       : HikariPool-1 - Start completed.
2024-07-26T22:17:01.370-03:00  INFO 1316 --- [crud_users_and_auth] [restartedMain] o.s.b.a.h2.H2ConsoleAutoConfiguration    : H2 console available at '/h2'. Database available at 'jdbc:h2:mem:devdb'
2024-07-26T22:17:01.920-03:00  INFO 1316 --- [crud_users_and_auth] [restartedMain] o.hibernate.jpa.internal.util.LogHelper  : HHH000204: Processing PersistenceUnitInfo [name: default]
2024-07-26T22:17:02.089-03:00  INFO 1316 --- [crud_users_and_auth] [restartedMain] org.hibernate.Version                    : HHH000412: Hibernate ORM core version 6.5.2.Final
2024-07-26T22:17:02.242-03:00  INFO 1316 --- [crud_users_and_auth] [restartedMain] o.h.c.internal.RegionFactoryInitiator    : HHH000026: Second-level cache disabled
2024-07-26T22:17:03.024-03:00  INFO 1316 --- [crud_users_and_auth] [restartedMain] o.s.o.j.p.SpringPersistenceUnitInfo      : No LoadTimeWeaver setup: ignoring JPA class transformer
2024-07-26T22:17:03.131-03:00  WARN 1316 --- [crud_users_and_auth] [restartedMain] org.hibernate.orm.deprecation            : HHH90000025: H2Dialect does not need to be specified explicitly using 'hibernate.dialect' (remove the property setting and it will be selected by default)
2024-07-26T22:17:04.578-03:00  INFO 1316 --- [crud_users_and_auth] [restartedMain] o.h.m.i.EntityInstantiatorPojoStandard   : HHH000182: No default (no-argument) constructor for class: br.com.rufuziu.crud_users_and_auth.entity.FailedMail (class must be instantiated by Interceptor)
2024-07-26T22:17:04.900-03:00  INFO 1316 --- [crud_users_and_auth] [restartedMain] o.h.e.t.j.p.i.JtaPlatformInitiator       : HHH000489: No JTA platform available (set 'hibernate.transaction.jta.platform' to enable JTA platform integration)
2024-07-26T22:17:04.972-03:00  INFO 1316 --- [crud_users_and_auth] [restartedMain] j.LocalContainerEntityManagerFactoryBean : Initialized JPA EntityManagerFactory for persistence unit 'default'
2024-07-26T22:17:05.617-03:00  INFO 1316 --- [crud_users_and_auth] [restartedMain] o.s.d.j.r.query.QueryEnhancerFactory     : Hibernate is in classpath; If applicable, HQL parser will be used.
2024-07-26T22:17:07.324-03:00  INFO 1316 --- [crud_users_and_auth] [restartedMain] eAuthenticationProviderManagerConfigurer : Global AuthenticationManager configured with AuthenticationProvider bean with name authenticationProvider
2024-07-26T22:17:07.326-03:00  WARN 1316 --- [crud_users_and_auth] [restartedMain] r$InitializeUserDetailsManagerConfigurer : Global AuthenticationManager configured with an AuthenticationProvider bean. UserDetailsService beans will not be used for username/password login. Consider removing the AuthenticationProvider bean. Alternatively, consider using the UserDetailsService in a manually instantiated DaoAuthenticationProvider.
2024-07-26T22:17:09.267-03:00  INFO 1316 --- [crud_users_and_auth] [restartedMain] o.s.b.a.e.web.EndpointLinksResolver      : Exposing 15 endpoints beneath base path '/actuator'
2024-07-26T22:17:11.477-03:00  INFO 1316 --- [crud_users_and_auth] [restartedMain] o.s.b.d.a.OptionalLiveReloadServer       : LiveReload server is running on port 35729
2024-07-26T22:17:11.680-03:00  INFO 1316 --- [crud_users_and_auth] [restartedMain] o.s.b.w.embedded.tomcat.TomcatWebServer  : Tomcat started on port 8080 (http) with context path '/'
2024-07-26T22:17:11.767-03:00  INFO 1316 --- [crud_users_and_auth] [restartedMain] b.c.r.c.CrudUsersAndAuthApplication      : Started CrudUsersAndAuthApplication in 21.119 seconds (process running for 22.381)
2024-07-26T22:21:34.574-03:00  INFO 1316 --- [crud_users_and_auth] [SpringApplicationShutdownHook] j.LocalContainerEntityManagerFactoryBean : Closing JPA EntityManagerFactory for persistence unit 'default'
2024-07-26T22:21:34.596-03:00  WARN 1316 --- [crud_users_and_auth] [SpringApplicationShutdownHook] o.s.b.f.support.DisposableBeanAdapter    : Invocation of destroy method failed on bean with name 'inMemoryDatabaseShutdownExecutor': org.h2.jdbc.JdbcSQLNonTransientConnectionException: Database is already closed (to disable automatic closing at VM shutdown, add ";DB_CLOSE_ON_EXIT=FALSE" to the db URL) [90121-224]
2024-07-26T22:21:34.599-03:00  INFO 1316 --- [crud_users_and_auth] [SpringApplicationShutdownHook] com.zaxxer.hikari.HikariDataSource       : HikariPool-1 - Shutdown initiated...
2024-07-26T22:21:34.607-03:00  INFO 1316 --- [crud_users_and_auth] [SpringApplicationShutdownHook] com.zaxxer.hikari.HikariDataSource       : HikariPool-1 - Shutdown completed.
2024-07-26T22:21:41.228-03:00  INFO 10064 --- [crud_users_and_auth] [restartedMain] b.c.r.c.CrudUsersAndAuthApplication      : Starting CrudUsersAndAuthApplication using Java 22.0.1 with PID 10064 (C:\Users\acer\Desktop\Projetos\atividadeextensionista\microservices\ms-registry-and-auth\target\classes started by acer in C:\Users\acer\Desktop\Projetos\atividadeextensionista\microservices\ms-registry-and-auth)
2024-07-26T22:21:41.232-03:00  INFO 10064 --- [crud_users_and_auth] [restartedMain] b.c.r.c.CrudUsersAndAuthApplication      : The following 1 profile is active: "DEV"
2024-07-26T22:21:41.343-03:00  INFO 10064 --- [crud_users_and_auth] [restartedMain] .e.DevToolsPropertyDefaultsPostProcessor : Devtools property defaults active! Set 'spring.devtools.add-properties' to 'false' to disable
2024-07-26T22:21:41.343-03:00  INFO 10064 --- [crud_users_and_auth] [restartedMain] .e.DevToolsPropertyDefaultsPostProcessor : For additional web related logging consider setting the 'logging.level.web' property to 'DEBUG'
2024-07-26T22:21:44.786-03:00  INFO 10064 --- [crud_users_and_auth] [restartedMain] .s.d.r.c.RepositoryConfigurationDelegate : Bootstrapping Spring Data JPA repositories in DEFAULT mode.
2024-07-26T22:21:44.961-03:00  INFO 10064 --- [crud_users_and_auth] [restartedMain] .s.d.r.c.RepositoryConfigurationDelegate : Finished Spring Data repository scanning in 152 ms. Found 2 JPA repository interfaces.
2024-07-26T22:21:47.542-03:00  INFO 10064 --- [crud_users_and_auth] [restartedMain] o.s.b.w.embedded.tomcat.TomcatWebServer  : Tomcat initialized with port 8080 (http)
2024-07-26T22:21:47.569-03:00  INFO 10064 --- [crud_users_and_auth] [restartedMain] o.apache.catalina.core.StandardService   : Starting service [Tomcat]
2024-07-26T22:21:47.571-03:00  INFO 10064 --- [crud_users_and_auth] [restartedMain] o.apache.catalina.core.StandardEngine    : Starting Servlet engine: [Apache Tomcat/10.1.25]
2024-07-26T22:21:47.715-03:00  INFO 10064 --- [crud_users_and_auth] [restartedMain] o.a.c.c.C.[Tomcat].[localhost].[/]       : Initializing Spring embedded WebApplicationContext
2024-07-26T22:21:47.716-03:00  INFO 10064 --- [crud_users_and_auth] [restartedMain] w.s.c.ServletWebServerApplicationContext : Root WebApplicationContext: initialization completed in 6371 ms
2024-07-26T22:21:48.398-03:00  INFO 10064 --- [crud_users_and_auth] [restartedMain] com.zaxxer.hikari.HikariDataSource       : HikariPool-1 - Starting...
2024-07-26T22:21:48.960-03:00  INFO 10064 --- [crud_users_and_auth] [restartedMain] com.zaxxer.hikari.pool.HikariPool        : HikariPool-1 - Added connection conn0: url=jdbc:h2:mem:devdb user=SA
2024-07-26T22:21:48.963-03:00  INFO 10064 --- [crud_users_and_auth] [restartedMain] com.zaxxer.hikari.HikariDataSource       : HikariPool-1 - Start completed.
2024-07-26T22:21:48.996-03:00  INFO 10064 --- [crud_users_and_auth] [restartedMain] o.s.b.a.h2.H2ConsoleAutoConfiguration    : H2 console available at '/h2'. Database available at 'jdbc:h2:mem:devdb'
2024-07-26T22:21:49.593-03:00  INFO 10064 --- [crud_users_and_auth] [restartedMain] o.hibernate.jpa.internal.util.LogHelper  : HHH000204: Processing PersistenceUnitInfo [name: default]
2024-07-26T22:21:49.738-03:00  INFO 10064 --- [crud_users_and_auth] [restartedMain] org.hibernate.Version                    : HHH000412: Hibernate ORM core version 6.5.2.Final
2024-07-26T22:21:49.831-03:00  INFO 10064 --- [crud_users_and_auth] [restartedMain] o.h.c.internal.RegionFactoryInitiator    : HHH000026: Second-level cache disabled
2024-07-26T22:21:50.619-03:00  INFO 10064 --- [crud_users_and_auth] [restartedMain] o.s.o.j.p.SpringPersistenceUnitInfo      : No LoadTimeWeaver setup: ignoring JPA class transformer
2024-07-26T22:21:50.737-03:00  WARN 10064 --- [crud_users_and_auth] [restartedMain] org.hibernate.orm.deprecation            : HHH90000025: H2Dialect does not need to be specified explicitly using 'hibernate.dialect' (remove the property setting and it will be selected by default)
2024-07-26T22:21:52.324-03:00  INFO 10064 --- [crud_users_and_auth] [restartedMain] o.h.m.i.EntityInstantiatorPojoStandard   : HHH000182: No default (no-argument) constructor for class: br.com.rufuziu.crud_users_and_auth.entity.FailedMail (class must be instantiated by Interceptor)
2024-07-26T22:21:52.654-03:00  INFO 10064 --- [crud_users_and_auth] [restartedMain] o.h.e.t.j.p.i.JtaPlatformInitiator       : HHH000489: No JTA platform available (set 'hibernate.transaction.jta.platform' to enable JTA platform integration)
2024-07-26T22:21:52.725-03:00  INFO 10064 --- [crud_users_and_auth] [restartedMain] j.LocalContainerEntityManagerFactoryBean : Initialized JPA EntityManagerFactory for persistence unit 'default'
2024-07-26T22:21:53.564-03:00  INFO 10064 --- [crud_users_and_auth] [restartedMain] o.s.d.j.r.query.QueryEnhancerFactory     : Hibernate is in classpath; If applicable, HQL parser will be used.
2024-07-26T22:21:55.123-03:00  INFO 10064 --- [crud_users_and_auth] [restartedMain] eAuthenticationProviderManagerConfigurer : Global AuthenticationManager configured with AuthenticationProvider bean with name authenticationProvider
2024-07-26T22:21:55.125-03:00  WARN 10064 --- [crud_users_and_auth] [restartedMain] r$InitializeUserDetailsManagerConfigurer : Global AuthenticationManager configured with an AuthenticationProvider bean. UserDetailsService beans will not be used for username/password login. Consider removing the AuthenticationProvider bean. Alternatively, consider using the UserDetailsService in a manually instantiated DaoAuthenticationProvider.
2024-07-26T22:21:57.443-03:00  INFO 10064 --- [crud_users_and_auth] [restartedMain] o.s.b.a.e.web.EndpointLinksResolver      : Exposing 15 endpoints beneath base path '/actuator'
2024-07-26T22:21:59.098-03:00  INFO 10064 --- [crud_users_and_auth] [restartedMain] o.s.b.d.a.OptionalLiveReloadServer       : LiveReload server is running on port 35729
2024-07-26T22:21:59.263-03:00  INFO 10064 --- [crud_users_and_auth] [restartedMain] o.s.b.w.embedded.tomcat.TomcatWebServer  : Tomcat started on port 8080 (http) with context path '/'
2024-07-26T22:21:59.360-03:00  INFO 10064 --- [crud_users_and_auth] [restartedMain] b.c.r.c.CrudUsersAndAuthApplication      : Started CrudUsersAndAuthApplication in 19.291 seconds (process running for 20.433)
2024-07-26T22:27:40.578-03:00  INFO 10064 --- [crud_users_and_auth] [http-nio-8080-exec-1] o.a.c.c.C.[Tomcat].[localhost].[/]       : Initializing Spring DispatcherServlet 'dispatcherServlet'
2024-07-26T22:27:40.580-03:00  INFO 10064 --- [crud_users_and_auth] [http-nio-8080-exec-1] o.s.web.servlet.DispatcherServlet        : Initializing Servlet 'dispatcherServlet'
2024-07-26T22:27:40.584-03:00  INFO 10064 --- [crud_users_and_auth] [http-nio-8080-exec-1] o.s.web.servlet.DispatcherServlet        : Completed initialization in 3 ms
2024-07-26T22:27:41.925-03:00  INFO 10064 --- [crud_users_and_auth] [http-nio-8080-exec-9] o.springdoc.api.AbstractOpenApiResource  : Init duration for springdoc-openapi is: 657 ms
2024-07-26T22:28:46.845-03:00  INFO 10064 --- [crud_users_and_auth] [SpringApplicationShutdownHook] j.LocalContainerEntityManagerFactoryBean : Closing JPA EntityManagerFactory for persistence unit 'default'
2024-07-26T22:28:46.860-03:00  WARN 10064 --- [crud_users_and_auth] [SpringApplicationShutdownHook] o.s.b.f.support.DisposableBeanAdapter    : Invocation of destroy method failed on bean with name 'inMemoryDatabaseShutdownExecutor': org.h2.jdbc.JdbcSQLNonTransientConnectionException: Database is already closed (to disable automatic closing at VM shutdown, add ";DB_CLOSE_ON_EXIT=FALSE" to the db URL) [90121-224]
2024-07-26T22:28:46.863-03:00  INFO 10064 --- [crud_users_and_auth] [SpringApplicationShutdownHook] com.zaxxer.hikari.HikariDataSource       : HikariPool-1 - Shutdown initiated...
2024-07-26T22:28:46.869-03:00  INFO 10064 --- [crud_users_and_auth] [SpringApplicationShutdownHook] com.zaxxer.hikari.HikariDataSource       : HikariPool-1 - Shutdown completed.
2024-07-26T22:28:54.798-03:00  INFO 4580 --- [crud_users_and_auth] [restartedMain] b.c.r.c.CrudUsersAndAuthApplication      : Starting CrudUsersAndAuthApplication using Java 22.0.1 with PID 4580 (C:\Users\acer\Desktop\Projetos\atividadeextensionista\microservices\ms-registry-and-auth\target\classes started by acer in C:\Users\acer\Desktop\Projetos\atividadeextensionista\microservices\ms-registry-and-auth)
2024-07-26T22:28:54.802-03:00  INFO 4580 --- [crud_users_and_auth] [restartedMain] b.c.r.c.CrudUsersAndAuthApplication      : The following 1 profile is active: "DEV"
2024-07-26T22:28:54.920-03:00  INFO 4580 --- [crud_users_and_auth] [restartedMain] .e.DevToolsPropertyDefaultsPostProcessor : Devtools property defaults active! Set 'spring.devtools.add-properties' to 'false' to disable
2024-07-26T22:28:54.921-03:00  INFO 4580 --- [crud_users_and_auth] [restartedMain] .e.DevToolsPropertyDefaultsPostProcessor : For additional web related logging consider setting the 'logging.level.web' property to 'DEBUG'
2024-07-26T22:28:58.604-03:00  INFO 4580 --- [crud_users_and_auth] [restartedMain] .s.d.r.c.RepositoryConfigurationDelegate : Bootstrapping Spring Data JPA repositories in DEFAULT mode.
2024-07-26T22:28:58.834-03:00  INFO 4580 --- [crud_users_and_auth] [restartedMain] .s.d.r.c.RepositoryConfigurationDelegate : Finished Spring Data repository scanning in 210 ms. Found 2 JPA repository interfaces.
2024-07-26T22:29:01.611-03:00  INFO 4580 --- [crud_users_and_auth] [restartedMain] o.s.b.w.embedded.tomcat.TomcatWebServer  : Tomcat initialized with port 8080 (http)
2024-07-26T22:29:01.640-03:00  INFO 4580 --- [crud_users_and_auth] [restartedMain] o.apache.catalina.core.StandardService   : Starting service [Tomcat]
2024-07-26T22:29:01.640-03:00  INFO 4580 --- [crud_users_and_auth] [restartedMain] o.apache.catalina.core.StandardEngine    : Starting Servlet engine: [Apache Tomcat/10.1.25]
2024-07-26T22:29:01.751-03:00  INFO 4580 --- [crud_users_and_auth] [restartedMain] o.a.c.c.C.[Tomcat].[localhost].[/]       : Initializing Spring embedded WebApplicationContext
2024-07-26T22:29:01.752-03:00  INFO 4580 --- [crud_users_and_auth] [restartedMain] w.s.c.ServletWebServerApplicationContext : Root WebApplicationContext: initialization completed in 6830 ms
2024-07-26T22:29:02.110-03:00  INFO 4580 --- [crud_users_and_auth] [restartedMain] com.zaxxer.hikari.HikariDataSource       : HikariPool-1 - Starting...
2024-07-26T22:29:02.502-03:00  INFO 4580 --- [crud_users_and_auth] [restartedMain] com.zaxxer.hikari.pool.HikariPool        : HikariPool-1 - Added connection conn0: url=jdbc:h2:mem:devdb user=SA
2024-07-26T22:29:02.506-03:00  INFO 4580 --- [crud_users_and_auth] [restartedMain] com.zaxxer.hikari.HikariDataSource       : HikariPool-1 - Start completed.
2024-07-26T22:29:02.530-03:00  INFO 4580 --- [crud_users_and_auth] [restartedMain] o.s.b.a.h2.H2ConsoleAutoConfiguration    : H2 console available at '/h2'. Database available at 'jdbc:h2:mem:devdb'
2024-07-26T22:29:03.057-03:00  INFO 4580 --- [crud_users_and_auth] [restartedMain] o.hibernate.jpa.internal.util.LogHelper  : HHH000204: Processing PersistenceUnitInfo [name: default]
2024-07-26T22:29:03.180-03:00  INFO 4580 --- [crud_users_and_auth] [restartedMain] org.hibernate.Version                    : HHH000412: Hibernate ORM core version 6.5.2.Final
2024-07-26T22:29:03.243-03:00  INFO 4580 --- [crud_users_and_auth] [restartedMain] o.h.c.internal.RegionFactoryInitiator    : HHH000026: Second-level cache disabled
2024-07-26T22:29:03.941-03:00  INFO 4580 --- [crud_users_and_auth] [restartedMain] o.s.o.j.p.SpringPersistenceUnitInfo      : No LoadTimeWeaver setup: ignoring JPA class transformer
2024-07-26T22:29:04.031-03:00  WARN 4580 --- [crud_users_and_auth] [restartedMain] org.hibernate.orm.deprecation            : HHH90000025: H2Dialect does not need to be specified explicitly using 'hibernate.dialect' (remove the property setting and it will be selected by default)
2024-07-26T22:29:05.785-03:00  INFO 4580 --- [crud_users_and_auth] [restartedMain] o.h.m.i.EntityInstantiatorPojoStandard   : HHH000182: No default (no-argument) constructor for class: br.com.rufuziu.crud_users_and_auth.entity.FailedMail (class must be instantiated by Interceptor)
2024-07-26T22:29:06.060-03:00  INFO 4580 --- [crud_users_and_auth] [restartedMain] o.h.e.t.j.p.i.JtaPlatformInitiator       : HHH000489: No JTA platform available (set 'hibernate.transaction.jta.platform' to enable JTA platform integration)
2024-07-26T22:29:06.124-03:00  INFO 4580 --- [crud_users_and_auth] [restartedMain] j.LocalContainerEntityManagerFactoryBean : Initialized JPA EntityManagerFactory for persistence unit 'default'
2024-07-26T22:29:06.747-03:00  INFO 4580 --- [crud_users_and_auth] [restartedMain] o.s.d.j.r.query.QueryEnhancerFactory     : Hibernate is in classpath; If applicable, HQL parser will be used.
2024-07-26T22:29:08.214-03:00  INFO 4580 --- [crud_users_and_auth] [restartedMain] eAuthenticationProviderManagerConfigurer : Global AuthenticationManager configured with AuthenticationProvider bean with name authenticationProvider
2024-07-26T22:29:08.217-03:00  WARN 4580 --- [crud_users_and_auth] [restartedMain] r$InitializeUserDetailsManagerConfigurer : Global AuthenticationManager configured with an AuthenticationProvider bean. UserDetailsService beans will not be used for username/password login. Consider removing the AuthenticationProvider bean. Alternatively, consider using the UserDetailsService in a manually instantiated DaoAuthenticationProvider.
2024-07-26T22:29:09.885-03:00  INFO 4580 --- [crud_users_and_auth] [restartedMain] o.s.b.a.e.web.EndpointLinksResolver      : Exposing 15 endpoints beneath base path '/actuator'
2024-07-26T22:29:11.159-03:00  INFO 4580 --- [crud_users_and_auth] [restartedMain] o.s.b.d.a.OptionalLiveReloadServer       : LiveReload server is running on port 35729
2024-07-26T22:29:11.576-03:00  INFO 4580 --- [crud_users_and_auth] [restartedMain] o.s.b.w.embedded.tomcat.TomcatWebServer  : Tomcat started on port 8080 (http) with context path '/'
2024-07-26T22:29:11.617-03:00  INFO 4580 --- [crud_users_and_auth] [restartedMain] b.c.r.c.CrudUsersAndAuthApplication      : Started CrudUsersAndAuthApplication in 18.22 seconds (process running for 19.547)
2024-07-26T22:29:21.438-03:00  INFO 4580 --- [crud_users_and_auth] [http-nio-8080-exec-1] o.a.c.c.C.[Tomcat].[localhost].[/]       : Initializing Spring DispatcherServlet 'dispatcherServlet'
2024-07-26T22:29:21.439-03:00  INFO 4580 --- [crud_users_and_auth] [http-nio-8080-exec-1] o.s.web.servlet.DispatcherServlet        : Initializing Servlet 'dispatcherServlet'
2024-07-26T22:29:21.442-03:00  INFO 4580 --- [crud_users_and_auth] [http-nio-8080-exec-1] o.s.web.servlet.DispatcherServlet        : Completed initialization in 3 ms
2024-07-26T22:29:22.411-03:00  INFO 4580 --- [crud_users_and_auth] [http-nio-8080-exec-9] o.springdoc.api.AbstractOpenApiResource  : Init duration for springdoc-openapi is: 447 ms
2024-07-26T22:30:35.477-03:00  INFO 4580 --- [crud_users_and_auth] [http-nio-8080-exec-1] b.c.r.c.controller.AdminController       : 0:0:0:0:0:0:0:1 is trying to activate the e-mail
2024-07-26T22:30:35.771-03:00  INFO 4580 --- [crud_users_and_auth] [http-nio-8080-exec-1] b.c.r.c.controller.AdminController       : 0:0:0:0:0:0:0:1 activated the e-mail
2024-07-26T22:44:21.378-03:00  INFO 4580 --- [crud_users_and_auth] [SpringApplicationShutdownHook] j.LocalContainerEntityManagerFactoryBean : Closing JPA EntityManagerFactory for persistence unit 'default'
2024-07-26T22:44:21.395-03:00  WARN 4580 --- [crud_users_and_auth] [SpringApplicationShutdownHook] o.s.b.f.support.DisposableBeanAdapter    : Invocation of destroy method failed on bean with name 'inMemoryDatabaseShutdownExecutor': org.h2.jdbc.JdbcSQLNonTransientConnectionException: Database is already closed (to disable automatic closing at VM shutdown, add ";DB_CLOSE_ON_EXIT=FALSE" to the db URL) [90121-224]
2024-07-26T22:44:21.396-03:00  INFO 4580 --- [crud_users_and_auth] [SpringApplicationShutdownHook] com.zaxxer.hikari.HikariDataSource       : HikariPool-1 - Shutdown initiated...
2024-07-26T22:44:21.402-03:00  INFO 4580 --- [crud_users_and_auth] [SpringApplicationShutdownHook] com.zaxxer.hikari.HikariDataSource       : HikariPool-1 - Shutdown completed.
2024-07-26T22:44:41.996-03:00  INFO 7652 --- [crud_users_and_auth] [restartedMain] b.c.r.c.CrudUsersAndAuthApplication      : Starting CrudUsersAndAuthApplication using Java 22.0.1 with PID 7652 (C:\Users\acer\Desktop\Projetos\atividadeextensionista\microservices\ms-registry-and-auth\target\classes started by acer in C:\Users\acer\Desktop\Projetos\atividadeextensionista\microservices\ms-registry-and-auth)
2024-07-26T22:44:42.004-03:00  INFO 7652 --- [crud_users_and_auth] [restartedMain] b.c.r.c.CrudUsersAndAuthApplication      : The following 1 profile is active: "DEV"
2024-07-26T22:44:42.233-03:00  INFO 7652 --- [crud_users_and_auth] [restartedMain] .e.DevToolsPropertyDefaultsPostProcessor : Devtools property defaults active! Set 'spring.devtools.add-properties' to 'false' to disable
2024-07-26T22:44:42.233-03:00  INFO 7652 --- [crud_users_and_auth] [restartedMain] .e.DevToolsPropertyDefaultsPostProcessor : For additional web related logging consider setting the 'logging.level.web' property to 'DEBUG'
2024-07-26T22:44:51.277-03:00  INFO 7652 --- [crud_users_and_auth] [restartedMain] .s.d.r.c.RepositoryConfigurationDelegate : Bootstrapping Spring Data JPA repositories in DEFAULT mode.
2024-07-26T22:44:51.784-03:00  INFO 7652 --- [crud_users_and_auth] [restartedMain] .s.d.r.c.RepositoryConfigurationDelegate : Finished Spring Data repository scanning in 455 ms. Found 2 JPA repository interfaces.
2024-07-26T22:45:01.847-03:00  INFO 7652 --- [crud_users_and_auth] [restartedMain] o.s.b.w.embedded.tomcat.TomcatWebServer  : Tomcat initialized with port 8080 (http)
2024-07-26T22:45:01.891-03:00  INFO 7652 --- [crud_users_and_auth] [restartedMain] o.apache.catalina.core.StandardService   : Starting service [Tomcat]
2024-07-26T22:45:01.893-03:00  INFO 7652 --- [crud_users_and_auth] [restartedMain] o.apache.catalina.core.StandardEngine    : Starting Servlet engine: [Apache Tomcat/10.1.25]
2024-07-26T22:45:02.361-03:00  INFO 7652 --- [crud_users_and_auth] [restartedMain] o.a.c.c.C.[Tomcat].[localhost].[/]       : Initializing Spring embedded WebApplicationContext
2024-07-26T22:45:02.362-03:00  INFO 7652 --- [crud_users_and_auth] [restartedMain] w.s.c.ServletWebServerApplicationContext : Root WebApplicationContext: initialization completed in 20079 ms
2024-07-26T22:45:03.680-03:00  INFO 7652 --- [crud_users_and_auth] [restartedMain] com.zaxxer.hikari.HikariDataSource       : HikariPool-1 - Starting...
2024-07-26T22:45:05.230-03:00  INFO 7652 --- [crud_users_and_auth] [restartedMain] com.zaxxer.hikari.pool.HikariPool        : HikariPool-1 - Added connection conn0: url=jdbc:h2:mem:devdb user=SA
2024-07-26T22:45:05.233-03:00  INFO 7652 --- [crud_users_and_auth] [restartedMain] com.zaxxer.hikari.HikariDataSource       : HikariPool-1 - Start completed.
2024-07-26T22:45:05.258-03:00  INFO 7652 --- [crud_users_and_auth] [restartedMain] o.s.b.a.h2.H2ConsoleAutoConfiguration    : H2 console available at '/h2'. Database available at 'jdbc:h2:mem:devdb'
2024-07-26T22:45:06.863-03:00  INFO 7652 --- [crud_users_and_auth] [restartedMain] o.hibernate.jpa.internal.util.LogHelper  : HHH000204: Processing PersistenceUnitInfo [name: default]
2024-07-26T22:45:07.120-03:00  INFO 7652 --- [crud_users_and_auth] [restartedMain] org.hibernate.Version                    : HHH000412: Hibernate ORM core version 6.5.2.Final
2024-07-26T22:45:07.514-03:00  INFO 7652 --- [crud_users_and_auth] [restartedMain] o.h.c.internal.RegionFactoryInitiator    : HHH000026: Second-level cache disabled
2024-07-26T22:45:09.219-03:00  INFO 7652 --- [crud_users_and_auth] [restartedMain] o.s.o.j.p.SpringPersistenceUnitInfo      : No LoadTimeWeaver setup: ignoring JPA class transformer
2024-07-26T22:45:09.423-03:00  WARN 7652 --- [crud_users_and_auth] [restartedMain] org.hibernate.orm.deprecation            : HHH90000025: H2Dialect does not need to be specified explicitly using 'hibernate.dialect' (remove the property setting and it will be selected by default)
2024-07-26T22:45:11.792-03:00  INFO 7652 --- [crud_users_and_auth] [restartedMain] o.h.m.i.EntityInstantiatorPojoStandard   : HHH000182: No default (no-argument) constructor for class: br.com.rufuziu.crud_users_and_auth.entity.FailedMail (class must be instantiated by Interceptor)
2024-07-26T22:45:12.177-03:00  INFO 7652 --- [crud_users_and_auth] [restartedMain] o.h.e.t.j.p.i.JtaPlatformInitiator       : HHH000489: No JTA platform available (set 'hibernate.transaction.jta.platform' to enable JTA platform integration)
2024-07-26T22:45:12.234-03:00  INFO 7652 --- [crud_users_and_auth] [restartedMain] j.LocalContainerEntityManagerFactoryBean : Initialized JPA EntityManagerFactory for persistence unit 'default'
2024-07-26T22:45:12.995-03:00  INFO 7652 --- [crud_users_and_auth] [restartedMain] o.s.d.j.r.query.QueryEnhancerFactory     : Hibernate is in classpath; If applicable, HQL parser will be used.
2024-07-26T22:45:17.637-03:00  INFO 7652 --- [crud_users_and_auth] [restartedMain] eAuthenticationProviderManagerConfigurer : Global AuthenticationManager configured with AuthenticationProvider bean with name authenticationProvider
2024-07-26T22:45:17.644-03:00  WARN 7652 --- [crud_users_and_auth] [restartedMain] r$InitializeUserDetailsManagerConfigurer : Global AuthenticationManager configured with an AuthenticationProvider bean. UserDetailsService beans will not be used for username/password login. Consider removing the AuthenticationProvider bean. Alternatively, consider using the UserDetailsService in a manually instantiated DaoAuthenticationProvider.
2024-07-26T22:45:24.348-03:00  INFO 7652 --- [crud_users_and_auth] [restartedMain] o.s.b.a.e.web.EndpointLinksResolver      : Exposing 15 endpoints beneath base path '/actuator'
2024-07-26T22:45:25.836-03:00  INFO 7652 --- [crud_users_and_auth] [restartedMain] o.s.b.d.a.OptionalLiveReloadServer       : LiveReload server is running on port 35729
2024-07-26T22:45:26.004-03:00  INFO 7652 --- [crud_users_and_auth] [restartedMain] o.s.b.w.embedded.tomcat.TomcatWebServer  : Tomcat started on port 8080 (http) with context path '/'
2024-07-26T22:45:26.050-03:00  INFO 7652 --- [crud_users_and_auth] [restartedMain] b.c.r.c.CrudUsersAndAuthApplication      : Started CrudUsersAndAuthApplication in 46.528 seconds (process running for 49.323)
2024-07-26T22:45:26.323-03:00  INFO 7652 --- [crud_users_and_auth] [http-nio-8080-exec-1] o.a.c.c.C.[Tomcat].[localhost].[/]       : Initializing Spring DispatcherServlet 'dispatcherServlet'
2024-07-26T22:45:26.323-03:00  INFO 7652 --- [crud_users_and_auth] [http-nio-8080-exec-1] o.s.web.servlet.DispatcherServlet        : Initializing Servlet 'dispatcherServlet'
2024-07-26T22:45:26.328-03:00  INFO 7652 --- [crud_users_and_auth] [http-nio-8080-exec-1] o.s.web.servlet.DispatcherServlet        : Completed initialization in 4 ms
2024-07-26T22:45:27.832-03:00  INFO 7652 --- [crud_users_and_auth] [http-nio-8080-exec-9] o.springdoc.api.AbstractOpenApiResource  : Init duration for springdoc-openapi is: 636 ms
2024-07-26T22:55:10.682-03:00  INFO 7652 --- [crud_users_and_auth] [SpringApplicationShutdownHook] j.LocalContainerEntityManagerFactoryBean : Closing JPA EntityManagerFactory for persistence unit 'default'
2024-07-26T22:55:10.706-03:00  WARN 7652 --- [crud_users_and_auth] [SpringApplicationShutdownHook] o.s.b.f.support.DisposableBeanAdapter    : Invocation of destroy method failed on bean with name 'inMemoryDatabaseShutdownExecutor': org.h2.jdbc.JdbcSQLNonTransientConnectionException: Database is already closed (to disable automatic closing at VM shutdown, add ";DB_CLOSE_ON_EXIT=FALSE" to the db URL) [90121-224]
2024-07-26T22:55:10.710-03:00  INFO 7652 --- [crud_users_and_auth] [SpringApplicationShutdownHook] com.zaxxer.hikari.HikariDataSource       : HikariPool-1 - Shutdown initiated...
2024-07-26T22:55:10.719-03:00  INFO 7652 --- [crud_users_and_auth] [SpringApplicationShutdownHook] com.zaxxer.hikari.HikariDataSource       : HikariPool-1 - Shutdown completed.
